{"logTime": "1123/165902", "correlationVector":"20B20A8462644AB3A3F12944554809F3","action":"FETCH_UX_CONFIG", "result":""}
{"logTime": "1123/170120", "correlationVector":"hulh5jmuw7Z/RvsiTaJfmJ","action":"EXTENSION_ACTIVITY_LOG_STATUS_FETCHER", "result":""}
{"logTime": "1123/171934", "correlationVector":"E452322364684B34A8A85361552399AC","action":"FETCH_UX_CONFIG", "result":""}
{"logTime": "1123/175519", "correlationVector":"2E46A9E1264E446AB6BA9FBCCAB9B121","action":"FETCH_UX_CONFIG", "result":""}
{"logTime": "1123/180102", "correlationVector":"F33070FED9C3455AAADFF64A5D330F73","action":"FETCH_UX_CONFIG", "result":""}
{"logTime": "1124/004457", "correlationVector":"981AE86CAF0743C787287B8C54D5803A","action":"FETCH_UX_CONFIG", "result":""}
{"logTime": "1124/015358", "correlationVector":"F2E6A718BBAE42EFAB87990015A9262E","action":"FETCH_UX_CONFIG", "result":""}
{"logTime": "1124/025357", "correlationVector":"853B34024A9E460DB4D4B18AE8270B7C","action":"FETCH_UX_CONFIG", "result":""}
{"logTime": "1124/030518", "correlationVector":"730D662227DA4A81B86C15068ED2CD6E","action":"FETCH_UX_CONFIG", "result":""}
{"logTime": "1124/135214", "correlationVector":"79CEDD39D66844AB8A8A5DBA493DC6AF","action":"FETCH_UX_CONFIG", "result":""}
{"logTime": "1124/145208", "correlationVector":"9E4A5D0E02FB4314A7D764DE8B245F35","action":"FETCH_UX_CONFIG", "result":""}
{"logTime": "1125/004421", "correlationVector":"A50678FEE9664482A12452237C772274","action":"FETCH_UX_CONFIG", "result":""}
{"logTime": "1125/014419", "correlationVector":"1775B88776C54BB49B48A6B711FD87A5","action":"FETCH_UX_CONFIG", "result":""}
{"logTime": "1125/024419", "correlationVector":"4AD0DF4CE3E344B19C768D4A5E8B83B7","action":"FETCH_UX_CONFIG", "result":""}
{"logTime": "1125/034419", "correlationVector":"74387CE6EEB94DCF9867BD49F585270A","action":"FETCH_UX_CONFIG", "result":""}
{"logTime": "1125/145420", "correlationVector":"94C40D7C0B6A46C39B7520662FFCB6B2","action":"FETCH_UX_CONFIG", "result":""}
{"logTime": "1125/155413", "correlationVector":"949F96E61ECD40708CEA6F5F7D693AB2","action":"FETCH_UX_CONFIG", "result":""}
{"logTime": "1126/014724", "correlationVector":"704A36DDFA1F4947967F6510B093CD88","action":"FETCH_UX_CONFIG", "result":""}
{"logTime": "1126/024723", "correlationVector":"EDA7EBFDCB3C407ABE1FEDEA34CE49C2","action":"FETCH_UX_CONFIG", "result":""}
{"logTime": "1126/034724", "correlationVector":"3FFC29DA9DD64321AFC0ED638CF4FE71","action":"FETCH_UX_CONFIG", "result":""}
{"logTime": "1126/044158", "correlationVector":"2698C98EE8A844BAB2CFEED45B67BFD4","action":"FETCH_UX_CONFIG", "result":""}
{"logTime": "1126/054155", "correlationVector":"6F35FADBE2D843F5B2A3AD55A2469625","action":"FETCH_UX_CONFIG", "result":""}
{"logTime": "1126/064155", "correlationVector":"241F3E94507A416FBC659C100D72F379","action":"FETCH_UX_CONFIG", "result":""}
{"logTime": "1126/074155", "correlationVector":"6E8C511E6C1549F287D4EF20AE0E42A3","action":"FETCH_UX_CONFIG", "result":""}
{"logTime": "1126/084155", "correlationVector":"EFE598E5685E4237A029FD03AC8EEA2C","action":"FETCH_UX_CONFIG", "result":""}
{"logTime": "1126/094155", "correlationVector":"75F5B80FCEE5460984C2FD743D973BBF","action":"FETCH_UX_CONFIG", "result":""}
{"logTime": "1126/101706", "correlationVector":"29A5DAE0888D44E5BF2EB40A6B295F42","action":"FETCH_UX_CONFIG", "result":""}
{"logTime": "1126/101835", "correlationVector":"E4E34D7FDA924F528E788238B704D821","action":"FETCH_UX_CONFIG", "result":""}
{"logTime": "1126/111831", "correlationVector":"C86918DB075D42678FCC66CC23319640","action":"FETCH_UX_CONFIG", "result":""}
{"logTime": "1126/121831", "correlationVector":"8AFB53CCD344485991ED6928C1D4F5C2","action":"FETCH_UX_CONFIG", "result":""}
{"logTime": "1126/131831", "correlationVector":"0949FC48460541FB91D7A9456D62A30E","action":"FETCH_UX_CONFIG", "result":""}
{"logTime": "1126/141831", "correlationVector":"864F0E96DD8F431496D02E8FA302D66B","action":"FETCH_UX_CONFIG", "result":""}
{"logTime": "1126/184948", "correlationVector":"99BB506BD4D34A85A65681D85E3D8BE8","action":"FETCH_UX_CONFIG", "result":""}
{"logTime": "1127/004723", "correlationVector":"E061419A504543CABFCFBF00AFC29914","action":"FETCH_UX_CONFIG", "result":""}
{"logTime": "1127/014720", "correlationVector":"58E0BB34BCA244739731518256364C0B","action":"FETCH_UX_CONFIG", "result":""}
{"logTime": "1127/024720", "correlationVector":"04DB2A857E13431CBB69C036689F4B95","action":"FETCH_UX_CONFIG", "result":""}
{"logTime": "1127/073618", "correlationVector":"AA7576E634F648B9B33B3C1AEA6DE697","action":"FETCH_UX_CONFIG", "result":""}
{"logTime": "1127/093159", "correlationVector":"622AB87507FE410B99F8FB3F696D6A2B","action":"FETCH_UX_CONFIG", "result":""}
{"logTime": "1128/013546", "correlationVector":"D1B0759C6511435C928567E65C368A89","action":"FETCH_UX_CONFIG", "result":""}
{"logTime": "1128/225816", "correlationVector":"C2A6929BB1644F58B274A83B9C4C40AE","action":"FETCH_UX_CONFIG", "result":""}
{"logTime": "1128/235809", "correlationVector":"BBAF6E30499342EE92E754663B26B69A","action":"FETCH_UX_CONFIG", "result":""}
{"logTime": "1129/005806", "correlationVector":"DDC10B8D8419491BA83A1D43AA5F3966","action":"FETCH_UX_CONFIG", "result":""}
{"logTime": "1129/030726", "correlationVector":"FF3A8731002A42D2A51C8692E0CC6280","action":"FETCH_UX_CONFIG", "result":""}
{"logTime": "1129/033525", "correlationVector":"1785A627A9864CA2852045A13E7C6F7F","action":"FETCH_UX_CONFIG", "result":""}
{"logTime": "1129/111042", "correlationVector":"6E7A14A90ACB479FBF31D472F25567A9","action":"FETCH_UX_CONFIG", "result":""}
{"logTime": "1130/012744", "correlationVector":"FEE3753B469E4B789B885F5970A1AD04","action":"FETCH_UX_CONFIG", "result":""}
{"logTime": "1130/013543", "correlationVector":"32E00A371BF644DBA346406F2F0AE522","action":"FETCH_UX_CONFIG", "result":""}
{"logTime": "1130/023542", "correlationVector":"622F5FDA3F014549A967EF0AED58A4AB","action":"FETCH_UX_CONFIG", "result":""}
{"logTime": "1130/033542", "correlationVector":"B4BE330A6DDD4DD283EB6E438A2BCB3E","action":"FETCH_UX_CONFIG", "result":""}
{"logTime": "1201/001945", "correlationVector":"D349F6F071BF4E1BB07486378D128A71","action":"FETCH_UX_CONFIG", "result":""}
{"logTime": "1201/011944", "correlationVector":"71992041AAFA4899A63D98C04734D521","action":"FETCH_UX_CONFIG", "result":""}
{"logTime": "1201/021943", "correlationVector":"61C480BDF1B041D682E122D98E62D7F5","action":"FETCH_UX_CONFIG", "result":""}
{"logTime": "1201/035932", "correlationVector":"0EBA5CF6AD9449389AAD985F0169483D","action":"FETCH_UX_CONFIG", "result":""}
{"logTime": "1201/231611", "correlationVector":"72EB24E929C64F8EBADA36B7464F31FC","action":"FETCH_UX_CONFIG", "result":""}
{"logTime": "1202/001607", "correlationVector":"1F370E95A0F246DE9E3449A1AD79845A","action":"FETCH_UX_CONFIG", "result":""}
{"logTime": "1202/011608", "correlationVector":"637838AC14644EFD96989358D89533CA","action":"FETCH_UX_CONFIG", "result":""}
{"logTime": "1202/020328", "correlationVector":"5608EE9B8128491F844434B02E112BB6","action":"FETCH_UX_CONFIG", "result":""}
{"logTime": "1202/020617", "correlationVector":"LDhxOfgfYbjT2OOmGhNL/p","action":"EXTENSION_ACTIVITY_LOG_STATUS_FETCHER", "result":""}
{"logTime": "1202/020724", "correlationVector":"8BAFD78DE5DE4E24B0A79572F59D582F","action":"FETCH_UX_CONFIG", "result":""}
{"logTime": "1202/021002", "correlationVector":"vfs9Yd0cAOestRauB3gkMK","action":"EXTENSION_ACTIVITY_LOG_STATUS_FETCHER", "result":""}
{"logTime": "1202/030723", "correlationVector":"1DB93A98A1CF4D98AD1895AA195AA57D","action":"FETCH_UX_CONFIG", "result":""}
{"logTime": "1202/035951", "correlationVector":"6B4DCD9D777F4D7A967A61E31435E00F","action":"FETCH_UX_CONFIG", "result":""}
{"logTime": "1202/040237", "correlationVector":"R6JqC2FWy6ejcfZax7nBwd","action":"EXTENSION_ACTIVITY_LOG_STATUS_FETCHER", "result":""}
{"logTime": "1202/040338", "correlationVector":"AA54A52549654321A8597617B467E3C9","action":"FETCH_UX_CONFIG", "result":""}
{"logTime": "1202/040539", "correlationVector":"Ay5HR09hDAsHNGRko2XruV","action":"EXTENSION_ACTIVITY_LOG_STATUS_FETCHER", "result":""}
{"logTime": "1202/041156", "correlationVector":"EF06B1542D5F444EAABBC67A8CE88979","action":"FETCH_UX_CONFIG", "result":""}
{"logTime": "1203/150230", "correlationVector":"B2B5C34E187A46649DB419675024E1EE","action":"FETCH_UX_CONFIG", "result":""}
{"logTime": "1203/150721", "correlationVector":"0B63EF667A18448FB6FEAC1035A42E01","action":"FETCH_UX_CONFIG", "result":""}
{"logTime": "1203/151626", "correlationVector":"50315D9D476749E1B4B4B2C4E771F247","action":"FETCH_UX_CONFIG", "result":""}
{"logTime": "1203/152508", "correlationVector":"58236E14E267404290E5AAC9A128DE5C","action":"FETCH_UX_CONFIG", "result":""}
{"logTime": "1205/004058", "correlationVector":"CC15372B152048799E99849A961B8928","action":"FETCH_UX_CONFIG", "result":""}
{"logTime": "1205/162408", "correlationVector":"879AAA9F9279495C974BBF8074024C93","action":"FETCH_UX_CONFIG", "result":""}
{"logTime": "1206/012346", "correlationVector":"3E6D1B512FF74DD9B2B5A6A18949D288","action":"FETCH_UX_CONFIG", "result":""}
{"logTime": "1206/022116", "correlationVector":"AE84A2107D204DCFAE4225D7F8A49A44","action":"FETCH_UX_CONFIG", "result":""}
{"logTime": "1206/032113", "correlationVector":"1EB07CECB3AA48129300D77EE5BD59CC","action":"FETCH_UX_CONFIG", "result":""}
{"logTime": "1206/110151", "correlationVector":"6AB49DEED1BC476EA880779671D2960A","action":"FETCH_UX_CONFIG", "result":""}
{"logTime": "1206/111844", "correlationVector":"66486135D04142A4B00CADA69DA3893D","action":"FETCH_UX_CONFIG", "result":""}
{"logTime": "1206/112109", "correlationVector":"cwpSFK1jMZGHPy8jn1KlRa","action":"EXTENSION_ACTIVITY_LOG_STATUS_FETCHER", "result":""}
{"logTime": "1206/113204", "correlationVector":"4E73C0B7B07A42D58E9BD61D20815DBC","action":"FETCH_UX_CONFIG", "result":""}
{"logTime": "1206/150648", "correlationVector":"36CB7390C9AF4D3F92D335FBD89E6F3B","action":"FETCH_UX_CONFIG", "result":""}
{"logTime": "1206/160116", "correlationVector":"8655ACAE322D419F8309C7B823586A71","action":"FETCH_UX_CONFIG", "result":""}
{"logTime": "1209/035332", "correlationVector":"64775F8D19E4417FAD4F123094CDDF9F","action":"FETCH_UX_CONFIG", "result":""}
{"logTime": "1209/035854", "correlationVector":"15D36E29668147C590C9ABDF86332069","action":"FETCH_UX_CONFIG", "result":""}
{"logTime": "1209/040043", "correlationVector":"o9b+w//p4IZ/PXq+orV3TM","action":"EXTENSION_ACTIVITY_LOG_STATUS_FETCHER", "result":""}
{"logTime": "1209/041651", "correlationVector":"8EC1B45D92E74BA6A1C0213AA4B57CEB","action":"FETCH_UX_CONFIG", "result":""}
{"logTime": "1209/042727", "correlationVector":"D26349E348AD42F79F4E0CC8FDEB0C34","action":"FETCH_UX_CONFIG", "result":""}
{"logTime": "1209/042811", "correlationVector":"DBB320282561492FBFCCD95DA1B2813F","action":"FETCH_UX_CONFIG", "result":""}
{"logTime": "1209/042852", "correlationVector":"5DD36A406FF24B6CA39DB8DD1269A8A0","action":"FETCH_UX_CONFIG", "result":""}
{"logTime": "1209/051811", "correlationVector":"5F724DF5B7FF4AF38D68A9535CCFE05B","action":"FETCH_UX_CONFIG", "result":""}
{"logTime": "1209/051817", "correlationVector":"7C137A04A3EE48ABBD011A9BC78BAB71","action":"FETCH_UX_CONFIG", "result":""}
{"logTime": "1209/052031", "correlationVector":"7+0cTM4OlnTIT0mhsIBWFm","action":"EXTENSION_ACTIVITY_LOG_STATUS_FETCHER", "result":""}
{"logTime": "1209/052454", "correlationVector":"0295E94D1ADB4458BCFD2F97CA23E57F","action":"FETCH_UX_CONFIG", "result":""}
{"logTime": "1209/052640", "correlationVector":"py1JnolRkKx6iai4tm5rKo","action":"EXTENSION_ACTIVITY_LOG_STATUS_FETCHER", "result":""}
{"logTime": "1209/093956", "correlationVector":"363266886FD748359BB130B903795954","action":"FETCH_UX_CONFIG", "result":""}
{"logTime": "1209/094128", "correlationVector":"ZXHLruSkL+Pd6Z4nBEU2GP","action":"EXTENSION_ACTIVITY_LOG_STATUS_FETCHER", "result":""}
{"logTime": "1209/103443", "correlationVector":"8430511E3E83491487D1F40085EE8307","action":"FETCH_UX_CONFIG", "result":""}
{"logTime": "1209/105422", "correlationVector":"6910A5F46DA04AF69BAF1D5382E34C48","action":"FETCH_UX_CONFIG", "result":""}
{"logTime": "1209/105715", "correlationVector":"58838E06191C474FBDBCBC059D3A262C","action":"FETCH_UX_CONFIG", "result":""}
{"logTime": "1209/110129", "correlationVector":"B22D7CD987784DC7BBAADC2A3C69C4F2","action":"FETCH_UX_CONFIG", "result":""}
{"logTime": "1209/111309", "correlationVector":"51ABA6B53B2144C2837D1C7E88188E8E","action":"FETCH_UX_CONFIG", "result":""}
{"logTime": "1209/111604", "correlationVector":"fKPq8GfxDGQ0nJzT6B5DDP","action":"EXTENSION_ACTIVITY_LOG_STATUS_FETCHER", "result":""}
{"logTime": "1209/114152", "correlationVector":"9B6858B56D0A40E1B7234D4D469B4BB0","action":"FETCH_UX_CONFIG", "result":""}
{"logTime": "1209/114418", "correlationVector":"wgaE1vaTu8OKlfapXC7Pu2","action":"EXTENSION_ACTIVITY_LOG_STATUS_FETCHER", "result":""}
{"logTime": "1209/115331", "correlationVector":"B4E3C6DD4BBE4835BC1B16153111C2EA","action":"FETCH_UX_CONFIG", "result":""}
{"logTime": "1209/133444", "correlationVector":"E9D7E1F9E1C84870B700194E2FB33B89","action":"FETCH_UX_CONFIG", "result":""}
{"logTime": "1209/133735", "correlationVector":"ZsAXAblS/IrFN0YjEe6Soe","action":"EXTENSION_ACTIVITY_LOG_STATUS_FETCHER", "result":""}
{"logTime": "1209/134417", "correlationVector":"D286C5E7B5D54E8D8DD36E9126533E47","action":"FETCH_UX_CONFIG", "result":""}
{"logTime": "1209/134640", "correlationVector":"QfP3texbNFMVmMZ1HfFKaj","action":"EXTENSION_ACTIVITY_LOG_STATUS_FETCHER", "result":""}
{"logTime": "1209/135041", "correlationVector":"+GbxKV82svlz6nlr3c09Ci","action":"EXTENSION_ACTIVITY_LOG_STATUS_FETCHER", "result":""}
{"logTime": "1210/153502", "correlationVector":"50619798509D408EB91120EFA41D45D1","action":"FETCH_UX_CONFIG", "result":""}
{"logTime": "1210/214841", "correlationVector":"B3B7D91283C8411E9853243579FD197A","action":"FETCH_UX_CONFIG", "result":""}
{"logTime": "1210/224838", "correlationVector":"7ACBCA514AB84EF89657324A132BF875","action":"FETCH_UX_CONFIG", "result":""}
{"logTime": "1212/131611", "correlationVector":"37D9E012F1604B6096F0E463A9B0612E","action":"FETCH_UX_CONFIG", "result":""}
{"logTime": "1212/131703", "correlationVector":"89597104D0AF4CC08F63B91155873753","action":"FETCH_UX_CONFIG", "result":""}
{"logTime": "1212/131714", "correlationVector":"C31CF35C063D409BB477699A109F1847","action":"FETCH_UX_CONFIG", "result":""}
{"logTime": "1212/131947", "correlationVector":"2loRIxeYXtA11svlv7vvy6","action":"EXTENSION_ACTIVITY_LOG_STATUS_FETCHER", "result":""}
{"logTime": "1212/134502", "correlationVector":"5042EEA4C14B44F5ABADE9042D404CD3","action":"FETCH_UX_CONFIG", "result":""}
{"logTime": "1212/134555", "correlationVector":"OnSvhOFMc5sq4yE8KdKHxF","action":"EXTENSION_ACTIVITY_LOG_STATUS_FETCHER", "result":""}
{"logTime": "1212/135631", "correlationVector":"31652EA73AA74C87906689D2146904FC","action":"FETCH_UX_CONFIG", "result":""}
{"logTime": "1212/135731", "correlationVector":"6qXWBTWBK+FJseOQnY2fCZ","action":"EXTENSION_ACTIVITY_LOG_STATUS_FETCHER", "result":""}
{"logTime": "1212/140041", "correlationVector":"52942402439A4D52893509236A442A39","action":"FETCH_UX_CONFIG", "result":""}
{"logTime": "1212/140148", "correlationVector":"PybNus7FYNwFM4tmkVlhxK","action":"EXTENSION_ACTIVITY_LOG_STATUS_FETCHER", "result":""}
{"logTime": "1212/233935", "correlationVector":"LaTnSRf1uNSpUycozdLmSP","action":"EXTENSION_ACTIVITY_LOG_STATUS_FETCHER", "result":""}
{"logTime": "1212/234033", "correlationVector":"51C4E95C0B364352A965A26F2B591F5C","action":"FETCH_UX_CONFIG", "result":""}
{"logTime": "1212/234100", "correlationVector":"6087B6FE69C24EA587965554D2B1A35F","action":"FETCH_UX_CONFIG", "result":""}
{"logTime": "1212/234119", "correlationVector":"92677AE973414D249C504AE9C913539C","action":"FETCH_UX_CONFIG", "result":""}
{"logTime": "1212/235506", "correlationVector":"8177A9DEDBBD4B49A51B7CF73C898E6D","action":"FETCH_UX_CONFIG", "result":""}
{"logTime": "1212/235537", "correlationVector":"A3145FDF19C845568AB2B25CB221D20E","action":"FETCH_UX_CONFIG", "result":""}
{"logTime": "1213/005530", "correlationVector":"8F39DAEF9F6F4DB7A0329F77A5242DEA","action":"FETCH_UX_CONFIG", "result":""}
{"logTime": "1213/015522", "correlationVector":"543040BDC1AB462EB9AB2F82A818C794","action":"FETCH_UX_CONFIG", "result":""}
{"logTime": "1213/045950", "correlationVector":"B6EF29362E904FA6826B8E82032C0CDF","action":"FETCH_UX_CONFIG", "result":""}
{"logTime": "1213/050122", "correlationVector":"b7W1312/gYu2AcldKlRLyM","action":"EXTENSION_ACTIVITY_LOG_STATUS_FETCHER", "result":""}
{"logTime": "1213/050710", "correlationVector":"4E6165088EC448118832344920B103CC","action":"FETCH_UX_CONFIG", "result":""}
{"logTime": "1213/051254", "correlationVector":"FQbOaRazMJEIOlHcBZvGkW","action":"EXTENSION_ACTIVITY_LOG_STATUS_FETCHER", "result":""}
{"logTime": "1213/123625", "correlationVector":"nBKAie6TYlnQl7VUYJb5GX","action":"EXTENSION_ACTIVITY_LOG_STATUS_FETCHER", "result":""}
{"logTime": "1213/123649", "correlationVector":"91AF8707ABC44D8DB408B1E8E9513206","action":"FETCH_UX_CONFIG", "result":""}
{"logTime": "1213/123729", "correlationVector":"91BE963AE550467D8421D30D9CE494DE","action":"FETCH_UX_CONFIG", "result":""}
{"logTime": "1213/123756", "correlationVector":"3A5C9AAD039649D9989D17DF68DCD206","action":"FETCH_UX_CONFIG", "result":""}
{"logTime": "1214/153347", "correlationVector":"031BC726362A45E9B36A60547CF30F95","action":"FETCH_UX_CONFIG", "result":""}
{"logTime": "1214/171236", "correlationVector":"B7331E8C3AFD4CF8AFB5ED629A8B76A3","action":"FETCH_UX_CONFIG", "result":""}
{"logTime": "1215/002246", "correlationVector":"435CE655684A42278CC474F7AB2F0BFD","action":"FETCH_UX_CONFIG", "result":""}
{"logTime": "1215/012241", "correlationVector":"93BF8AAAFBE148859A163EE16763B4AC","action":"FETCH_UX_CONFIG", "result":""}
{"logTime": "1215/020311", "correlationVector":"0A770A4FF5DD40D0A5823DC3B611D533","action":"FETCH_UX_CONFIG", "result":""}
{"logTime": "1215/030308", "correlationVector":"53AA1B4633644046BD17F3ECF3DCE91C","action":"FETCH_UX_CONFIG", "result":""}
{"logTime": "1215/132148", "correlationVector":"872C89AD7BB24256B4C9E12E8CE5721E","action":"FETCH_UX_CONFIG", "result":""}
{"logTime": "1215/132523", "correlationVector":"F2B57250D5F2409CA7724580CE6FDD29","action":"FETCH_UX_CONFIG", "result":""}
{"logTime": "1215/134511", "correlationVector":"3EB5BE00AE2646DAB0D126C9481EEE7C","action":"FETCH_UX_CONFIG", "result":""}
{"logTime": "1215/134645", "correlationVector":"6dwHdeX3yfrPiB8RngZsCH","action":"EXTENSION_ACTIVITY_LOG_STATUS_FETCHER", "result":""}
{"logTime": "1215/134656", "correlationVector":"57A656A833814B319D0A7B4B75AC2241","action":"FETCH_UX_CONFIG", "result":""}
{"logTime": "1215/134740", "correlationVector":"4FCDC51F76774208A959A6EB140891B9","action":"FETCH_UX_CONFIG", "result":""}
{"logTime": "1215/134959", "correlationVector":"CSm8JWLEBv22en2ziVlSx+","action":"EXTENSION_ACTIVITY_LOG_STATUS_FETCHER", "result":""}
{"logTime": "1215/203329", "correlationVector":"d/5v0GjEHS8cpVEorylzlg","action":"EXTENSION_ACTIVITY_LOG_STATUS_FETCHER", "result":""}
{"logTime": "1215/234346", "correlationVector":"/69GpXby0D1VN2dPljSYXz","action":"EXTENSION_ACTIVITY_LOG_STATUS_FETCHER", "result":""}
{"logTime": "1216/000414", "correlationVector":"QbOcu6xR9/bBQnN92tfhkd","action":"EXTENSION_ACTIVITY_LOG_STATUS_FETCHER", "result":""}
{"logTime": "1216/001653", "correlationVector":"34Bk/mIkJCHeT0vXlmhUGF","action":"EXTENSION_ACTIVITY_LOG_STATUS_FETCHER", "result":""}
{"logTime": "1216/002936", "correlationVector":"6XyTw1ZFpBo2lNL+0ovFIC","action":"EXTENSION_ACTIVITY_LOG_STATUS_FETCHER", "result":""}
{"logTime": "1216/004616", "correlationVector":"9ljTc+z2ELPRBEFvlnh3rk","action":"EXTENSION_ACTIVITY_LOG_STATUS_FETCHER", "result":""}
{"logTime": "1216/131724", "correlationVector":"D52BB58762B84C3FA532A1F2EBF1ADE9","action":"FETCH_UX_CONFIG", "result":""}
{"logTime": "1216/131932", "correlationVector":"vMVVrnnBHdL5Y3fxPJ4yBe","action":"EXTENSION_ACTIVITY_LOG_STATUS_FETCHER", "result":""}
{"logTime": "1216/133621", "correlationVector":"9C474848B6DF41BBADF3AC97D99E22B1","action":"FETCH_UX_CONFIG", "result":""}
{"logTime": "1217/000343", "correlationVector":"88DB71DEA1564C9AB00504B2987E332B","action":"FETCH_UX_CONFIG", "result":""}
{"logTime": "1217/010339", "correlationVector":"9C1AC679AE474E7F958ACB0AF683BC4B","action":"FETCH_UX_CONFIG", "result":""}
{"logTime": "1217/013811", "correlationVector":"A3BF9F5E3D5B4D979C09A5EDC9B2B389","action":"FETCH_UX_CONFIG", "result":""}
{"logTime": "1217/023427", "correlationVector":"B08F1CB31AAC4328904856A70D703EF6","action":"FETCH_UX_CONFIG", "result":""}
{"logTime": "1217/033417", "correlationVector":"9BFC174D10CB416ABE6F33FFEBFBF7C0","action":"FETCH_UX_CONFIG", "result":""}
{"logTime": "1217/043417", "correlationVector":"98CD13BA42C7434495249109ADF9BFB1","action":"FETCH_UX_CONFIG", "result":""}
{"logTime": "1217/050233", "correlationVector":"CE1E3CAFB914401EB6EE507C1BDB295E","action":"FETCH_UX_CONFIG", "result":""}
{"logTime": "1217/102859", "correlationVector":"321BFF00BACA4457AD20FE08F4B054A1","action":"FETCH_UX_CONFIG", "result":""}
{"logTime": "1217/103731", "correlationVector":"8537B51E383845BC9DF4BA3AC0002A1E","action":"FETCH_UX_CONFIG", "result":""}
{"logTime": "1217/113316", "correlationVector":"760850F2137943C4BB060EEBF56F0AAD","action":"FETCH_UX_CONFIG", "result":""}
{"logTime": "1217/153100", "correlationVector":"31B3BC7B34BB48919E81D9EE5D7FEBE7","action":"FETCH_UX_CONFIG", "result":""}
{"logTime": "1218/121547", "correlationVector":"33343003F8A645C6AB9A78183D6B12D7","action":"FETCH_UX_CONFIG", "result":""}
{"logTime": "1219/010054", "correlationVector":"DCF728440FC04DD2A06C967E2C9D669C","action":"FETCH_UX_CONFIG", "result":""}
{"logTime": "1219/020049", "correlationVector":"D271B9A8A9504DC6B6B5619791F093B6","action":"FETCH_UX_CONFIG", "result":""}
{"logTime": "1219/030049", "correlationVector":"091918751CAB4F38987DEA9B42844363","action":"FETCH_UX_CONFIG", "result":""}
{"logTime": "1219/040049", "correlationVector":"2C80555F9EF24787B9FE4B5AC29BF1C9","action":"FETCH_UX_CONFIG", "result":""}
{"logTime": "1219/050049", "correlationVector":"0BDF5A958A5F4562B95943B8F72D5E14","action":"FETCH_UX_CONFIG", "result":""}
{"logTime": "1219/164325", "correlationVector":"F150F784F365412A8768E18A2D6CB296","action":"FETCH_UX_CONFIG", "result":""}
{"logTime": "1220/002626", "correlationVector":"DB21C058915D4A06B39C80B6BC3E21D1","action":"FETCH_UX_CONFIG", "result":""}
{"logTime": "1220/012719", "correlationVector":"8EFFB8FC0AEA441A8319EB2A1C776646","action":"FETCH_UX_CONFIG", "result":""}
{"logTime": "1220/140228", "correlationVector":"CA01108C9FEF4C37AB20DBB625415A7D","action":"FETCH_UX_CONFIG", "result":""}
{"logTime": "1220/160752", "correlationVector":"8AFA926E2F12498CB3771F401900FC04","action":"FETCH_UX_CONFIG", "result":""}
{"logTime": "1220/170749", "correlationVector":"DB0C8C9C4D9D4305A8CFAA6F236D86FC","action":"FETCH_UX_CONFIG", "result":""}
{"logTime": "1221/020220", "correlationVector":"1EA5197653F14A93A5C5B1D83D8E3550","action":"FETCH_UX_CONFIG", "result":""}
{"logTime": "1221/030222", "correlationVector":"F0FE9E318B8D49E5A21ED0330BF91996","action":"FETCH_UX_CONFIG", "result":""}
{"logTime": "1221/132532", "correlationVector":"283C1BBF777B4FF7A7E860C3F02512B0","action":"FETCH_UX_CONFIG", "result":""}
{"logTime": "1221/160358", "correlationVector":"99E80A54338B4A5294BB147B32E85757","action":"FETCH_UX_CONFIG", "result":""}
{"logTime": "1222/003453", "correlationVector":"14B329CA18BD44F683AECC5EB2DE601B","action":"FETCH_UX_CONFIG", "result":""}
{"logTime": "1222/005929", "correlationVector":"C69F3FABF1BB430F9B7312DD6B26584F","action":"FETCH_UX_CONFIG", "result":""}
{"logTime": "1222/122142", "correlationVector":"4550452D170B4AFDBD545B2DDE328B2A","action":"FETCH_UX_CONFIG", "result":""}
{"logTime": "1222/155622", "correlationVector":"C859261F18F14283BA5C991B7B3C2538","action":"FETCH_UX_CONFIG", "result":""}
{"logTime": "1222/155902", "correlationVector":"532FC6EAA7C1458A8A9A0AE81BF84BC6","action":"FETCH_UX_CONFIG", "result":""}
{"logTime": "1222/224114", "correlationVector":"B9C244CA509D4F1A868FC6A9DACDEBB1","action":"FETCH_UX_CONFIG", "result":""}
{"logTime": "1222/234110", "correlationVector":"3A837A21CA174DC385CD3CBF8AE54783","action":"FETCH_UX_CONFIG", "result":""}
{"logTime": "1223/025738", "correlationVector":"44789C7AAD2F49F0BE655B6586ECD233","action":"FETCH_UX_CONFIG", "result":""}
{"logTime": "1223/172543", "correlationVector":"151B2A96A98E48C890F48BE570B8BCF4","action":"FETCH_UX_CONFIG", "result":""}
{"logTime": "1223/174612", "correlationVector":"9DF1118DEAF34DF498FFF34D50C56BC4","action":"FETCH_UX_CONFIG", "result":""}
{"logTime": "1224/003251", "correlationVector":"BD1E988D202043D6AE07335EDCB74650","action":"FETCH_UX_CONFIG", "result":""}
{"logTime": "1224/013245", "correlationVector":"BD996BD989DF4D43B36AAAD1F9E616E7","action":"FETCH_UX_CONFIG", "result":""}
{"logTime": "1224/052647", "correlationVector":"9A93979D00094AC59D873C0B9693902A","action":"FETCH_UX_CONFIG", "result":""}
{"logTime": "1224/053629", "correlationVector":"B9E44C23B447406C923FD9E594A9D331","action":"FETCH_UX_CONFIG", "result":""}
{"logTime": "1224/120925", "correlationVector":"92E4589CF6364396AD92444E8780A490","action":"FETCH_UX_CONFIG", "result":""}
{"logTime": "1224/213010", "correlationVector":"9AF066C223954196BFB334A6DC8A3269","action":"FETCH_UX_CONFIG", "result":""}
{"logTime": "1224/223001", "correlationVector":"B93C629489464359B6EC8864E1E76765","action":"FETCH_UX_CONFIG", "result":""}
{"logTime": "1225/070826", "correlationVector":"1EB3D22824EA40DF9E6C51F508F4DC25","action":"FETCH_UX_CONFIG", "result":""}
{"logTime": "1225/093517", "correlationVector":"8D9F0CF82C1745589D036FBB3D82A158","action":"FETCH_UX_CONFIG", "result":""}
{"logTime": "1225/125307", "correlationVector":"E57441E6643E491CBA9951E8DF89D068","action":"FETCH_UX_CONFIG", "result":""}
{"logTime": "1227/170454", "correlationVector":"A58A6DCC506446D6816E55B51BD2331A","action":"FETCH_UX_CONFIG", "result":""}
{"logTime": "1228/004609", "correlationVector":"40BC1B04212440AC8FEC330050332454","action":"FETCH_UX_CONFIG", "result":""}
{"logTime": "1228/014603", "correlationVector":"B717C3BCEDBE41B8B100E8E69FD5E611","action":"FETCH_UX_CONFIG", "result":""}
{"logTime": "1228/024559", "correlationVector":"012D9193B09D4930A14529B8F53E8E15","action":"FETCH_UX_CONFIG", "result":""}
{"logTime": "1228/232021", "correlationVector":"78A03A6029D54F0AAC5EE9C2F95CD153","action":"FETCH_UX_CONFIG", "result":""}
{"logTime": "1229/002010", "correlationVector":"30E8CA5063314521B9399454D0129908","action":"FETCH_UX_CONFIG", "result":""}
{"logTime": "1229/185258", "correlationVector":"2A6A9E6752E74763AA25197596301A8D","action":"FETCH_UX_CONFIG", "result":""}
{"logTime": "1230/012812", "correlationVector":"450F79D6A1824529AE55C28EFC63F385","action":"FETCH_UX_CONFIG", "result":""}
{"logTime": "1230/013204", "correlationVector":"EA39A107C70F45749C34D38C9FDFE6B5","action":"FETCH_UX_CONFIG", "result":""}
{"logTime": "1230/023159", "correlationVector":"0DED82830E4742EAB3BE966374DD3C51","action":"FETCH_UX_CONFIG", "result":""}
{"logTime": "1230/024946", "correlationVector":"37A3E74BC0F840A6B7AAF3369973603D","action":"FETCH_UX_CONFIG", "result":""}
{"logTime": "1230/034945", "correlationVector":"B1537E3AA5D8498694B6A1A2078B4012","action":"FETCH_UX_CONFIG", "result":""}
{"logTime": "1231/001157", "correlationVector":"B1571B86B52F4233AA20E5DB0CCA6D17","action":"FETCH_UX_CONFIG", "result":""}
{"logTime": "0102/011221", "correlationVector":"B57E90EC43584763BA03C16A1BEFA462","action":"FETCH_UX_CONFIG", "result":""}
{"logTime": "0102/021151", "correlationVector":"485DC84F22CF43F49F039E9E5085650F","action":"FETCH_UX_CONFIG", "result":""}
{"logTime": "0102/054534", "correlationVector":"66524BD69ABF4C6080BD22A51122E00E","action":"FETCH_UX_CONFIG", "result":""}
{"logTime": "0102/064530", "correlationVector":"E03AA775CFE84C77B8920EB1A012F3B2","action":"FETCH_UX_CONFIG", "result":""}
{"logTime": "0102/094954", "correlationVector":"74C9E5CA8B84424E8A40A17743144D25","action":"FETCH_UX_CONFIG", "result":""}
{"logTime": "0102/095252", "correlationVector":"4232F5F4C0A14A1E90F876FC6F85A9BE","action":"FETCH_UX_CONFIG", "result":""}
{"logTime": "0102/095540", "correlationVector":"FFD88D0AAA3F4BADAC5D684AEE75CBD8","action":"FETCH_UX_CONFIG", "result":""}
{"logTime": "0103/014713", "correlationVector":"03185263AF5149498A0903E52158CD5F","action":"FETCH_UX_CONFIG", "result":""}
{"logTime": "0103/024712", "correlationVector":"33CE9589881B48158FAD7AF6B1BA5612","action":"FETCH_UX_CONFIG", "result":""}
{"logTime": "0103/144338", "correlationVector":"EF3611A11CCC4949B79CA3B815C0C0A9","action":"FETCH_UX_CONFIG", "result":""}
{"logTime": "0103/221727", "correlationVector":"E753476947AE4ABD875DCEE8EA48A2B9","action":"FETCH_UX_CONFIG", "result":""}
{"logTime": "0103/231714", "correlationVector":"11F698EFD76649908BB1A68912FC9504","action":"FETCH_UX_CONFIG", "result":""}
{"logTime": "0104/001714", "correlationVector":"8F92820EAC9C4C088F92C0BDBC498A77","action":"FETCH_UX_CONFIG", "result":""}
{"logTime": "0104/011714", "correlationVector":"BA8F304925264CEC9BB6A2BA4894F136","action":"FETCH_UX_CONFIG", "result":""}
{"logTime": "0104/025309", "correlationVector":"ECBAC9682DD941E0A14767569B936F19","action":"FETCH_UX_CONFIG", "result":""}
{"logTime": "0104/233836", "correlationVector":"64761530DF7945279B38B7A01E304C17","action":"FETCH_UX_CONFIG", "result":""}
{"logTime": "0106/010557", "correlationVector":"5AD672991FE94352A52A2B2F5721C789","action":"FETCH_UX_CONFIG", "result":""}
{"logTime": "0106/014107", "correlationVector":"1261A10593AA4E97A28EC2DF4DD60882","action":"FETCH_UX_CONFIG", "result":""}
{"logTime": "0106/024059", "correlationVector":"4261165DC9A748E8AC1B69990298C3F2","action":"FETCH_UX_CONFIG", "result":""}
{"logTime": "0106/135406", "correlationVector":"73AE88D38D854A868A6FDC8D4041FB1B","action":"FETCH_UX_CONFIG", "result":""}
{"logTime": "0107/001514", "correlationVector":"AE31A6CC99F74DE7B0A37477AFEFA725","action":"FETCH_UX_CONFIG", "result":""}
{"logTime": "0107/011455", "correlationVector":"02664C8F6D4D449B86C53A65E15110F9","action":"FETCH_UX_CONFIG", "result":""}
{"logTime": "0107/021455", "correlationVector":"1B68CD06931F41E6B10D348779582AB0","action":"FETCH_UX_CONFIG", "result":""}
{"logTime": "0107/031455", "correlationVector":"F9588087FEB445F3BC83B8F150FF42D6","action":"FETCH_UX_CONFIG", "result":""}
{"logTime": "0107/122723", "correlationVector":"ED8ECED56D77459B99EFD219D1641E6F","action":"FETCH_UX_CONFIG", "result":""}
{"logTime": "0107/122847", "correlationVector":"U7EdR7FX+XhLghQnfbeY8k","action":"EXTENSION_ACTIVITY_LOG_STATUS_FETCHER", "result":""}
{"logTime": "0107/124531", "correlationVector":"B38FECEA9C76435E8EFA4C94F2599126","action":"FETCH_UX_CONFIG", "result":""}
{"logTime": "0107/232053", "correlationVector":"9CBA115D6EC145328610E3B995A3EA72","action":"FETCH_UX_CONFIG", "result":""}
{"logTime": "0108/002052", "correlationVector":"522B77242D294D37A4A46F40F63AE6B5","action":"FETCH_UX_CONFIG", "result":""}
{"logTime": "0108/012052", "correlationVector":"DE1ABFDFF9C0434D94DEF6CDE6FDD46B","action":"FETCH_UX_CONFIG", "result":""}
{"logTime": "0108/022052", "correlationVector":"C246F957E0BC4DB3B089C5A79700DD94","action":"FETCH_UX_CONFIG", "result":""}
{"logTime": "0108/042051", "correlationVector":"7203274990D2499CB2D15C8D64F51459","action":"FETCH_UX_CONFIG", "result":""}
{"logTime": "0108/052051", "correlationVector":"4DFB8B9841FB4528921EF40AB49F40F0","action":"FETCH_UX_CONFIG", "result":""}
{"logTime": "0108/075736", "correlationVector":"721251A105E745AA844FF8A421C818F5","action":"FETCH_UX_CONFIG", "result":""}
{"logTime": "0108/075847", "correlationVector":"ox2T0LRjuEqmOJeMl25V3A","action":"EXTENSION_ACTIVITY_LOG_STATUS_FETCHER", "result":""}
{"logTime": "0108/080803", "correlationVector":"F41ECB20025D4CF7A34C63F204C6D106","action":"FETCH_UX_CONFIG", "result":""}
{"logTime": "0108/084644", "correlationVector":"D02AC93FD02C464C858904D98BFFB450","action":"FETCH_UX_CONFIG", "result":""}
{"logTime": "0109/003016", "correlationVector":"2723E3952E7A4D9A860AEA3E380DAC52","action":"FETCH_UX_CONFIG", "result":""}
{"logTime": "0109/012955", "correlationVector":"559C00DF92CF4DF9B02969B1C5C69D05","action":"FETCH_UX_CONFIG", "result":""}
{"logTime": "0109/022956", "correlationVector":"83B1F2C895E54C6287330F4C267BD241","action":"FETCH_UX_CONFIG", "result":""}
{"logTime": "0109/032956", "correlationVector":"55419B41A958404891BF51A0AA9B76D9","action":"FETCH_UX_CONFIG", "result":""}
{"logTime": "0109/224739", "correlationVector":"29871EA9FBB847BD8E4CA4B6D1FC5538","action":"FETCH_UX_CONFIG", "result":""}
{"logTime": "0109/234736", "correlationVector":"304A4DE87B6E4B95A9070D06B45891C5","action":"FETCH_UX_CONFIG", "result":""}
{"logTime": "0110/004736", "correlationVector":"39BA55935EF24BC59579E21EC7233F44","action":"FETCH_UX_CONFIG", "result":""}
{"logTime": "0110/010641", "correlationVector":"8C482C829FB0430FA68B2B493A06DF1A","action":"FETCH_UX_CONFIG", "result":""}
{"logTime": "0110/021754", "correlationVector":"0422CDA39C094155A9DE677CFEAB2C67","action":"FETCH_UX_CONFIG", "result":""}
{"logTime": "0110/031751", "correlationVector":"657DAFBCD21A492CA9A57731C04E66A4","action":"FETCH_UX_CONFIG", "result":""}
{"logTime": "0110/173546", "correlationVector":"4096AE74D5F541158DBD6A7154DDAD25","action":"FETCH_UX_CONFIG", "result":""}
{"logTime": "0110/223911", "correlationVector":"CEB432DC81D842FBA7724719F897DAAA","action":"FETCH_UX_CONFIG", "result":""}
{"logTime": "0110/225209", "correlationVector":"7F917E02F3964DFFB621659DE2B5BD1D","action":"FETCH_UX_CONFIG", "result":""}
{"logTime": "0110/235208", "correlationVector":"17A6209671C140EA98914034EF073855","action":"FETCH_UX_CONFIG", "result":""}
