

2023-01-07 08:34:35.623 +0530 i: [G2MInst] <3AC4> ======================================================
2023-01-07 08:34:35.623 +0530 i: [G2MInst] <3AC4> C:\Users\Pench\AppData\Local\Temp\LogMeInLogs\G2MInst.log
2023-01-07 08:34:35.624 +0530 i: [G2MInst] <3AC4> GoToMeeting Installer build 19950
2023-01-07 08:34:35.624 +0530 i: [G2MInst] <3AC4> args received:
2023-01-07 08:34:35.624 +0530 i: [G2MInst] <3AC4> 	"/Action Join" "/DidInstall True" "/EGWAddress 23.239.230.255" "/EGWDNS egwglobal.gotomeeting.com" "/EGWPort 80,443,8200" "/MeetingID 600699309" "/Mode terse" "/Product g2m" "/colClientUiReadyEvent Global\CA430AF4-67A4-4A53-8CA2-D15183DB50F2" -delself "/env live" "/sessionTrackingId clsJoin-6ee32125-c6e0-4867-a5b4-d988c88e99d1"
2023-01-07 08:34:35.625 +0530 i: [G2MInst] <3AC4> logSecurityInfo
			OS ver 10.0,
			lua=1, virtualization=1, inst-detect=1,
			integrity level 0x00002000 (MEDIUM)
2023-01-07 08:34:35.625 +0530 i: [G2MInst] <3AC4> effective args:
2023-01-07 08:34:35.625 +0530 i: [G2MInst] <3AC4> 	"/Action Join" "/DidInstall True" "/EGWAddress 23.239.230.255" "/EGWDNS egwglobal.gotomeeting.com" "/EGWPort 80,443,8200" "/MeetingID 600699309" "/Mode terse" "/Product g2m" "/colClientUiReadyEvent Global\CA430AF4-67A4-4A53-8CA2-D15183DB50F2" -delself "/env live" "/sessionTrackingId clsJoin-6ee32125-c6e0-4867-a5b4-d988c88e99d1"
2023-01-07 08:34:35.626 +0530 i: [G2MInst] <3AC4> install.
2023-01-07 08:34:35.626 +0530 i: [G2MInst] <3AC4> checkAndGetToken
2023-01-07 08:34:35.628 +0530 i: [G2MInst] <3AC4> locateInstallKeys
2023-01-07 08:34:35.628 +0530 i: [G2MInst] <3AC4> Existing installation of this version not found.
2023-01-07 08:34:35.628 +0530 i: [G2MInst] <3AC4> Installing in HKCU.
2023-01-07 08:34:35.630 +0530 i: [G2MInst] <3AC4> locateInstallDirs
2023-01-07 08:34:35.630 +0530 i: [G2MInst] <3AC4> 	_evalCandidateDir C:\Users\Pench\AppData\Local\GoToMeeting\19950.
2023-01-07 08:34:35.695 +0530 i: [G2MInst] <3AC4> 	_appDir: C:\Users\Pench\AppData\Local\GoToMeeting
2023-01-07 08:34:35.695 +0530 i: [G2MInst] <3AC4> This build (19950) is newer than the latest build installed (0).
2023-01-07 08:34:35.703 +0530 i: [G2MInst] <3AC4> _copyFile from C:\Users\Pench\AppData\Local\Temp\AC86F998-E6A4-4334-9B0C-2CF27B0F32E1\uninshlp.dll to C:\Users\Pench\AppData\Local\GoToMeeting\19950\uninshlp.dll
2023-01-07 08:34:35.739 +0530 i: [G2MInst] <3AC4> _copyFile from C:\Users\Pench\AppData\Local\Temp\AC86F998-E6A4-4334-9B0C-2CF27B0F32E1\G2MResource_en.dll to C:\Users\Pench\AppData\Local\GoToMeeting\19950\G2MResource_en.dll
2023-01-07 08:34:35.741 +0530 i: [G2MInst] <3AC4> _copyFile from C:\Users\Pench\AppData\Local\Temp\AC86F998-E6A4-4334-9B0C-2CF27B0F32E1\G2MResource_de.dll to C:\Users\Pench\AppData\Local\GoToMeeting\19950\G2MResource_de.dll
2023-01-07 08:34:35.744 +0530 i: [G2MInst] <3AC4> _copyFile from C:\Users\Pench\AppData\Local\Temp\AC86F998-E6A4-4334-9B0C-2CF27B0F32E1\G2MResource_fr.dll to C:\Users\Pench\AppData\Local\GoToMeeting\19950\G2MResource_fr.dll
2023-01-07 08:34:35.747 +0530 i: [G2MInst] <3AC4> _copyFile from C:\Users\Pench\AppData\Local\Temp\AC86F998-E6A4-4334-9B0C-2CF27B0F32E1\G2MResource_es.dll to C:\Users\Pench\AppData\Local\GoToMeeting\19950\G2MResource_es.dll
2023-01-07 08:34:35.750 +0530 i: [G2MInst] <3AC4> _copyFile from C:\Users\Pench\AppData\Local\Temp\AC86F998-E6A4-4334-9B0C-2CF27B0F32E1\G2MResource_it.dll to C:\Users\Pench\AppData\Local\GoToMeeting\19950\G2MResource_it.dll
2023-01-07 08:34:35.752 +0530 i: [G2MInst] <3AC4> _copyFile from C:\Users\Pench\AppData\Local\Temp\AC86F998-E6A4-4334-9B0C-2CF27B0F32E1\G2MResource_zh.dll to C:\Users\Pench\AppData\Local\GoToMeeting\19950\G2MResource_zh.dll
2023-01-07 08:34:35.756 +0530 i: [G2MInst] <3AC4> _copyFile from C:\Users\Pench\AppData\Local\Temp\AC86F998-E6A4-4334-9B0C-2CF27B0F32E1\G2MResource_ko.dll to C:\Users\Pench\AppData\Local\GoToMeeting\19950\G2MResource_ko.dll
2023-01-07 08:34:35.759 +0530 i: [G2MInst] <3AC4> _copyFile from C:\Users\Pench\AppData\Local\Temp\AC86F998-E6A4-4334-9B0C-2CF27B0F32E1\G2MResource_ja.dll to C:\Users\Pench\AppData\Local\GoToMeeting\19950\G2MResource_ja.dll
2023-01-07 08:34:35.762 +0530 i: [G2MInst] <3AC4> _copyFile from C:\Users\Pench\AppData\Local\Temp\AC86F998-E6A4-4334-9B0C-2CF27B0F32E1\G2MResource_pt-BR.dll to C:\Users\Pench\AppData\Local\GoToMeeting\19950\G2MResource_pt-BR.dll
2023-01-07 08:34:35.764 +0530 i: [G2MInst] <3AC4> _copyFile from C:\Users\Pench\AppData\Local\Temp\AC86F998-E6A4-4334-9B0C-2CF27B0F32E1\G2MCommonResources.dll to C:\Users\Pench\AppData\Local\GoToMeeting\19950\G2MCommonResources.dll
2023-01-07 08:34:35.778 +0530 i: [G2MInst] <3AC4> _copyFile from C:\Users\Pench\AppData\Local\Temp\AC86F998-E6A4-4334-9B0C-2CF27B0F32E1\G2MInstaller.exe to C:\Users\Pench\AppData\Local\GoToMeeting\19950\G2MInstaller.exe
2023-01-07 08:34:35.780 +0530 i: [G2MInst] <3AC4> _copyFile from C:\Users\Pench\AppData\Local\Temp\AC86F998-E6A4-4334-9B0C-2CF27B0F32E1\G2MInstaller.exe to C:\Users\Pench\AppData\Local\GoToMeeting\19950\G2MUninstall.exe
2023-01-07 08:34:35.786 +0530 i: [G2MInst] <3AC4> _copyFile from C:\Users\Pench\AppData\Local\Temp\AC86F998-E6A4-4334-9B0C-2CF27B0F32E1\G2MOutlookAddin.dll to C:\Users\Pench\AppData\Local\GoToMeeting\19950\G2MOutlookAddin.dll
2023-01-07 08:34:35.897 +0530 i: [G2MInst] <3AC4> _copyFile from C:\Users\Pench\AppData\Local\Temp\AC86F998-E6A4-4334-9B0C-2CF27B0F32E1\G2MOutlookAddin64.dll to C:\Users\Pench\AppData\Local\GoToMeeting\19950\G2MOutlookAddin64.dll
2023-01-07 08:34:36.049 +0530 i: [G2MInst] <3AC4> _copyFile from C:\Users\Pench\AppData\Local\Temp\AC86F998-E6A4-4334-9B0C-2CF27B0F32E1\G2MScrUtil64.exe to C:\Users\Pench\AppData\Local\GoToMeeting\19950\G2MScrUtil64.exe
2023-01-07 08:34:36.058 +0530 i: [G2MInst] <3AC4> _copyFile from C:\Users\Pench\AppData\Local\Temp\AC86F998-E6A4-4334-9B0C-2CF27B0F32E1\G2MScrUtil32.exe to C:\Users\Pench\AppData\Local\GoToMeeting\19950\G2MScrUtil32.exe
2023-01-07 08:34:36.063 +0530 i: [G2MInst] <3AC4> _copyFile from C:\Users\Pench\AppData\Local\Temp\AC86F998-E6A4-4334-9B0C-2CF27B0F32E1\G2MTestSound.wav to C:\Users\Pench\AppData\Local\GoToMeeting\19950\G2MTestSound.wav
2023-01-07 08:34:36.067 +0530 i: [G2MInst] <3AC4> _copyFile from C:\Users\Pench\AppData\Local\Temp\AC86F998-E6A4-4334-9B0C-2CF27B0F32E1\g2mui.exe to C:\Users\Pench\AppData\Local\GoToMeeting\19950\g2mui.exe
2023-01-07 08:34:36.071 +0530 i: [G2MInst] <3AC4> _copyFile from C:\Users\Pench\AppData\Local\Temp\AC86F998-E6A4-4334-9B0C-2CF27B0F32E1\g2mcomm.exe to C:\Users\Pench\AppData\Local\GoToMeeting\19950\g2mcomm.exe
2023-01-07 08:34:36.075 +0530 i: [G2MInst] <3AC4> _copyFile from C:\Users\Pench\AppData\Local\Temp\AC86F998-E6A4-4334-9B0C-2CF27B0F32E1\g2mtranscoder.exe to C:\Users\Pench\AppData\Local\GoToMeeting\19950\g2mtranscoder.exe
2023-01-07 08:34:36.078 +0530 i: [G2MInst] <3AC4> _copyFile from C:\Users\Pench\AppData\Local\Temp\AC86F998-E6A4-4334-9B0C-2CF27B0F32E1\g2mlauncher.exe to C:\Users\Pench\AppData\Local\GoToMeeting\19950\g2mlauncher.exe
2023-01-07 08:34:36.082 +0530 i: [G2MInst] <3AC4> _copyFile from C:\Users\Pench\AppData\Local\Temp\AC86F998-E6A4-4334-9B0C-2CF27B0F32E1\G2M.dll to C:\Users\Pench\AppData\Local\GoToMeeting\19950\G2M.dll
2023-01-07 08:34:36.122 +0530 i: [G2MInst] <3AC4> _copyFile from C:\Users\Pench\AppData\Local\Temp\AC86F998-E6A4-4334-9B0C-2CF27B0F32E1\G2MInstaller.exe to C:\Users\Pench\AppData\Local\GoToMeeting\19950\g2mstart.exe
2023-01-07 08:34:36.126 +0530 i: [G2MInst] <3AC4> _copyFile from C:\Users\Pench\AppData\Local\Temp\AC86F998-E6A4-4334-9B0C-2CF27B0F32E1\G2MInstaller.exe to C:\Users\Pench\AppData\Local\GoToMeeting\19950\g2mvideoconference.exe
2023-01-07 08:34:36.129 +0530 i: [G2MInst] <3AC4> _copyFile from C:\Users\Pench\AppData\Local\Temp\AC86F998-E6A4-4334-9B0C-2CF27B0F32E1\G2MInstaller.exe to C:\Users\Pench\AppData\Local\GoToMeeting\19950\g2mupdate.exe
2023-01-07 08:34:36.133 +0530 i: [G2MInst] <3AC4> _copyFile from C:\Users\Pench\AppData\Local\Temp\AC86F998-E6A4-4334-9B0C-2CF27B0F32E1\G2MInstaller.exe to C:\Users\Pench\AppData\Local\GoToMeeting\19950\g2mupload.exe
2023-01-07 08:34:36.137 +0530 i: [G2MInst] <3AC4> testExecutionInInstallDir
2023-01-07 08:34:36.160 +0530 i: [G2MInst] <3AC4> 	_createProcess: ...
2023-01-07 08:34:36.781 +0530 i: [G2MInst] <3AC4> _enableSilentElevation
2023-01-07 08:34:36.781 +0530 i: [G2MInst] <3AC4> 	created key {5FF11BE2-76E0-40B0-A67C-B7533A8DC508}
2023-01-07 08:34:36.783 +0530 i: [G2MInst] <3AC4> _registerDirectLaunchHandlers
2023-01-07 08:34:36.786 +0530 i: [G2MInst] <3AC4> _registerDirectLaunchHandlers
2023-01-07 08:34:36.791 +0530 i: [G2MInst] <3AC4> _setupScheduledTasksOnMainInstall
2023-01-07 08:34:36.792 +0530 i: [G2MInst] <3AC4> 	_recreateScheduledTask
2023-01-07 08:34:36.803 +0530 i: [G2MInst] <3AC4> 		Scheduled task with name 'G2MUpdateTask-S-1-5-21-3952075016-3296030080-2252113079-1001' does not exist.
2023-01-07 08:34:36.873 +0530 i: [G2MInst] <3AC4> 		Created scheduled task with name 'G2MUpdateTask-S-1-5-21-3952075016-3296030080-2252113079-1001'.
2023-01-07 08:34:36.873 +0530 i: [G2MInst] <3AC4> 	_recreateScheduledTask
2023-01-07 08:34:36.875 +0530 i: [G2MInst] <3AC4> 		Scheduled task with name 'G2MUploadTask-S-1-5-21-3952075016-3296030080-2252113079-1001' does not exist.
2023-01-07 08:34:36.913 +0530 i: [G2MInst] <3AC4> 		Created scheduled task with name 'G2MUploadTask-S-1-5-21-3952075016-3296030080-2252113079-1001'.
2023-01-07 08:34:36.914 +0530 i: [G2MInst] <3AC4> _startupLoader:
2023-01-07 08:34:36.914 +0530 i: [G2MInst] <3AC4> 	_createProcess: ...
2023-01-07 08:34:36.955 +0530 i: [G2MInst] <3AC4> cleanupMyDirectory
2023-01-07 08:34:36.958 +0530 i: [G2MInst] <3AC4> 	items to delete:
2023-01-07 08:34:36.958 +0530 i: [G2MInst] <3AC4> 		C:\Users\Pench\AppData\Local\Temp\AC86F998-E6A4-4334-9B0C-2CF27B0F32E1\G2MResource_en.dll
2023-01-07 08:34:36.958 +0530 i: [G2MInst] <3AC4> 		C:\Users\Pench\AppData\Local\Temp\AC86F998-E6A4-4334-9B0C-2CF27B0F32E1\G2MResource_de.dll
2023-01-07 08:34:36.958 +0530 i: [G2MInst] <3AC4> 		C:\Users\Pench\AppData\Local\Temp\AC86F998-E6A4-4334-9B0C-2CF27B0F32E1\G2MResource_fr.dll
2023-01-07 08:34:36.958 +0530 i: [G2MInst] <3AC4> 		C:\Users\Pench\AppData\Local\Temp\AC86F998-E6A4-4334-9B0C-2CF27B0F32E1\G2MResource_es.dll
2023-01-07 08:34:36.958 +0530 i: [G2MInst] <3AC4> 		C:\Users\Pench\AppData\Local\Temp\AC86F998-E6A4-4334-9B0C-2CF27B0F32E1\G2MResource_it.dll
2023-01-07 08:34:36.958 +0530 i: [G2MInst] <3AC4> 		C:\Users\Pench\AppData\Local\Temp\AC86F998-E6A4-4334-9B0C-2CF27B0F32E1\G2MResource_zh.dll
2023-01-07 08:34:36.958 +0530 i: [G2MInst] <3AC4> 		C:\Users\Pench\AppData\Local\Temp\AC86F998-E6A4-4334-9B0C-2CF27B0F32E1\G2MResource_ko.dll
2023-01-07 08:34:36.958 +0530 i: [G2MInst] <3AC4> 		C:\Users\Pench\AppData\Local\Temp\AC86F998-E6A4-4334-9B0C-2CF27B0F32E1\G2MResource_ja.dll
2023-01-07 08:34:36.958 +0530 i: [G2MInst] <3AC4> 		C:\Users\Pench\AppData\Local\Temp\AC86F998-E6A4-4334-9B0C-2CF27B0F32E1\G2MResource_pt-BR.dll
2023-01-07 08:34:36.959 +0530 i: [G2MInst] <3AC4> 		C:\Users\Pench\AppData\Local\Temp\AC86F998-E6A4-4334-9B0C-2CF27B0F32E1\G2MCommonResources.dll
2023-01-07 08:34:36.959 +0530 i: [G2MInst] <3AC4> 		C:\Users\Pench\AppData\Local\Temp\AC86F998-E6A4-4334-9B0C-2CF27B0F32E1\G2MInstaller.exe
2023-01-07 08:34:36.959 +0530 i: [G2MInst] <3AC4> 		C:\Users\Pench\AppData\Local\Temp\AC86F998-E6A4-4334-9B0C-2CF27B0F32E1\G2MInstHigh.exe
2023-01-07 08:34:36.959 +0530 i: [G2MInst] <3AC4> 		C:\Users\Pench\AppData\Local\Temp\AC86F998-E6A4-4334-9B0C-2CF27B0F32E1\G2MOutlookAddin.dll
2023-01-07 08:34:36.959 +0530 i: [G2MInst] <3AC4> 		C:\Users\Pench\AppData\Local\Temp\AC86F998-E6A4-4334-9B0C-2CF27B0F32E1\G2MOutlookAddin64.dll
2023-01-07 08:34:36.959 +0530 i: [G2MInst] <3AC4> 		C:\Users\Pench\AppData\Local\Temp\AC86F998-E6A4-4334-9B0C-2CF27B0F32E1\G2MScrUtil64.exe
2023-01-07 08:34:36.959 +0530 i: [G2MInst] <3AC4> 		C:\Users\Pench\AppData\Local\Temp\AC86F998-E6A4-4334-9B0C-2CF27B0F32E1\G2MScrUtil32.exe
2023-01-07 08:34:36.959 +0530 i: [G2MInst] <3AC4> 		C:\Users\Pench\AppData\Local\Temp\AC86F998-E6A4-4334-9B0C-2CF27B0F32E1\G2MTestSound.wav
2023-01-07 08:34:36.959 +0530 i: [G2MInst] <3AC4> 		C:\Users\Pench\AppData\Local\Temp\AC86F998-E6A4-4334-9B0C-2CF27B0F32E1\g2mui.exe
2023-01-07 08:34:36.959 +0530 i: [G2MInst] <3AC4> 		C:\Users\Pench\AppData\Local\Temp\AC86F998-E6A4-4334-9B0C-2CF27B0F32E1\g2mcomm.exe
2023-01-07 08:34:36.959 +0530 i: [G2MInst] <3AC4> 		C:\Users\Pench\AppData\Local\Temp\AC86F998-E6A4-4334-9B0C-2CF27B0F32E1\g2mtranscoder.exe
2023-01-07 08:34:36.959 +0530 i: [G2MInst] <3AC4> 		C:\Users\Pench\AppData\Local\Temp\AC86F998-E6A4-4334-9B0C-2CF27B0F32E1\g2mlauncher.exe
2023-01-07 08:34:36.959 +0530 i: [G2MInst] <3AC4> 		C:\Users\Pench\AppData\Local\Temp\AC86F998-E6A4-4334-9B0C-2CF27B0F32E1\G2M.dll
2023-01-07 08:34:36.959 +0530 i: [G2MInst] <3AC4> arrangeSelfDelete()
2023-01-07 08:34:36.961 +0530 i: [G2MInst] <3AC4> 	command:rundll32.exe "C:\Users\Pench\AppData\Local\Temp\AC86F998-E6A4-4334-9B0C-2CF27B0F32E1\uninshlp.dll",DeleteExeAndDeleteSelf f01c5c3f-914a-4947-aa9a-80b03dc89a9f


2023-01-08 09:18:47.434 +0530 i: [G2MInst] <10B8> ======================================================
2023-01-08 09:18:47.434 +0530 i: [G2MInst] <10B8> C:\Users\Pench\AppData\Local\Temp\LogMeInLogs\G2MInst.log
2023-01-08 09:18:47.435 +0530 i: [G2MInst] <10B8> GoToMeeting Installer build 19950
2023-01-08 09:18:47.435 +0530 i: [G2MInst] <10B8> args received:
2023-01-08 09:18:47.436 +0530 i: [G2MInst] <10B8> 	"/Action Join" "/EGWAddress 23.239.230.255" "/EGWDNS egwglobal.gotomeeting.com" "/EGWPort 80,443,8200" "/MeetingID 600699309" "/Mode terse" "/Product g2m" "/colClientUiReadyEvent Global\DFCCA1D4-A570-4F18-9890-41079405E2DF" "/env live" "/sessionTrackingId clsJoin-4c98cf23-9178-4912-a38a-a62a3d293f07"
2023-01-08 09:18:47.436 +0530 i: [G2MInst] <10B8> logSecurityInfo
			OS ver 10.0,
			lua=1, virtualization=1, inst-detect=1,
			integrity level 0x00002000 (MEDIUM)
2023-01-08 09:18:47.436 +0530 i: [G2MInst] <10B8> effective args:
2023-01-08 09:18:47.436 +0530 i: [G2MInst] <10B8> 	"/Action Join" "/EGWAddress 23.239.230.255" "/EGWDNS egwglobal.gotomeeting.com" "/EGWPort 80,443,8200" "/MeetingID 600699309" "/Mode terse" "/Product g2m" "/colClientUiReadyEvent Global\DFCCA1D4-A570-4F18-9890-41079405E2DF" "/env live" "/sessionTrackingId clsJoin-4c98cf23-9178-4912-a38a-a62a3d293f07"
2023-01-08 09:18:47.437 +0530 i: [G2MInst] <10B8> install.
2023-01-08 09:18:47.437 +0530 i: [G2MInst] <10B8> checkAndGetToken
2023-01-08 09:18:47.439 +0530 i: [G2MInst] <10B8> locateInstallKeys
2023-01-08 09:18:47.440 +0530 i: [G2MInst] <10B8> Found existing installation of this version.
2023-01-08 09:18:47.440 +0530 i: [G2MInst] <10B8> locateInstallDirs
2023-01-08 09:18:47.440 +0530 i: [G2MInst] <10B8> 	_appDir: C:\Users\Pench\AppData\Local\GoToMeeting
2023-01-08 09:18:47.440 +0530 i: [G2MInst] <10B8> Installer running from target directory.
2023-01-08 09:18:47.440 +0530 i: [G2MInst] <10B8> This build (19950) is the same as the latest build installed (19950).
2023-01-08 09:18:47.440 +0530 i: [G2MInst] <10B8> testExecutionInInstallDir
2023-01-08 09:18:47.440 +0530 i: [G2MInst] <10B8> 	_createProcess: ...
2023-01-08 09:18:47.518 +0530 i: [G2MInst] <10B8> _enableSilentElevation
2023-01-08 09:18:47.518 +0530 i: [G2MInst] <10B8> 	created key {5FF11BE2-76E0-40B0-A67C-B7533A8DC508}
2023-01-08 09:18:47.519 +0530 i: [G2MInst] <10B8> _registerDirectLaunchHandlers
2023-01-08 09:18:47.520 +0530 i: [G2MInst] <10B8> _registerDirectLaunchHandlers
2023-01-08 09:18:47.522 +0530 i: [G2MInst] <10B8> _setupScheduledTasksOnMainInstall
2023-01-08 09:18:47.522 +0530 i: [G2MInst] <10B8> 	Skipping setup of scheduled tasks because this installer's build (19950) is not newer than the scheduled tasks' build (19950).
2023-01-08 09:18:47.522 +0530 i: [G2MInst] <10B8> _startupLoader:
2023-01-08 09:18:47.522 +0530 i: [G2MInst] <10B8> 	_createProcess: ...
2023-01-08 09:18:47.532 +0530 i: [G2MInst] <10B8> cleanupMyDirectory


2023-01-09 18:06:21.264 +0530 i: [G2MInst] <2148> ======================================================
2023-01-09 18:06:21.264 +0530 i: [G2MInst] <2148> C:\Users\Pench\AppData\Local\Temp\LogMeInLogs\G2MInst.log
2023-01-09 18:06:21.264 +0530 i: [G2MInst] <2148> GoToMeeting Installer build 19932
2023-01-09 18:06:21.264 +0530 i: [G2MInst] <2148> args received:
2023-01-09 18:06:21.264 +0530 i: [G2MInst] <2148> 	"/Action Install" "/DoNotStartG2M True" /InvokedByG2MUpdate /silent
2023-01-09 18:06:21.264 +0530 i: [G2MInst] <2148> logSecurityInfo
			OS ver 10.0,
			lua=1, virtualization=1, inst-detect=1,
			integrity level 0x00002000 (MEDIUM)
2023-01-09 18:06:21.264 +0530 i: [G2MInst] <2148> effective args:
2023-01-09 18:06:21.264 +0530 i: [G2MInst] <2148> 	"/Action Install" "/DoNotStartG2M True" /InvokedByG2MUpdate /silent
2023-01-09 18:06:21.264 +0530 i: [G2MInst] <2148> Invoked by G2MUpdate
2023-01-09 18:06:21.264 +0530 i: [G2MInst] <2148> Won't start loader due to DoNotStartG2M provided
2023-01-09 18:06:21.264 +0530 i: [G2MInst] <2148> install.
2023-01-09 18:06:21.264 +0530 i: [G2MInst] <2148> checkAndGetToken
2023-01-09 18:06:21.279 +0530 i: [G2MInst] <2148> locateInstallKeys
2023-01-09 18:06:21.279 +0530 i: [G2MInst] <2148> Existing installation of this version not found.
2023-01-09 18:06:21.279 +0530 i: [G2MInst] <2148> Installing in HKCU.
2023-01-09 18:06:21.279 +0530 i: [G2MInst] <2148> locateInstallDirs
2023-01-09 18:06:21.279 +0530 i: [G2MInst] <2148> 	_evalCandidateDir C:\Users\Pench\AppData\Local\GoToMeeting\19932.
2023-01-09 18:06:21.357 +0530 i: [G2MInst] <2148> 	_appDir: C:\Users\Pench\AppData\Local\GoToMeeting
2023-01-09 18:06:21.357 +0530 i: [G2MInst] <2148> This build (19932) is older than the latest build installed (19950).
2023-01-09 18:06:21.357 +0530 i: [G2MInst] <2148> _copyFile from C:\Users\Pench\AppData\Local\Temp\1B0CEB53-2A10-4BEC-B22A-E978E01277C9\uninshlp.dll to C:\Users\Pench\AppData\Local\GoToMeeting\19932\uninshlp.dll
2023-01-09 18:06:21.357 +0530 i: [G2MInst] <2148> _copyFile from C:\Users\Pench\AppData\Local\Temp\1B0CEB53-2A10-4BEC-B22A-E978E01277C9\G2MResource_en.dll to C:\Users\Pench\AppData\Local\GoToMeeting\19932\G2MResource_en.dll
2023-01-09 18:06:21.357 +0530 i: [G2MInst] <2148> _copyFile from C:\Users\Pench\AppData\Local\Temp\1B0CEB53-2A10-4BEC-B22A-E978E01277C9\G2MResource_de.dll to C:\Users\Pench\AppData\Local\GoToMeeting\19932\G2MResource_de.dll
2023-01-09 18:06:21.357 +0530 i: [G2MInst] <2148> _copyFile from C:\Users\Pench\AppData\Local\Temp\1B0CEB53-2A10-4BEC-B22A-E978E01277C9\G2MResource_fr.dll to C:\Users\Pench\AppData\Local\GoToMeeting\19932\G2MResource_fr.dll
2023-01-09 18:06:21.373 +0530 i: [G2MInst] <2148> _copyFile from C:\Users\Pench\AppData\Local\Temp\1B0CEB53-2A10-4BEC-B22A-E978E01277C9\G2MResource_es.dll to C:\Users\Pench\AppData\Local\GoToMeeting\19932\G2MResource_es.dll
2023-01-09 18:06:21.373 +0530 i: [G2MInst] <2148> _copyFile from C:\Users\Pench\AppData\Local\Temp\1B0CEB53-2A10-4BEC-B22A-E978E01277C9\G2MResource_it.dll to C:\Users\Pench\AppData\Local\GoToMeeting\19932\G2MResource_it.dll
2023-01-09 18:06:21.373 +0530 i: [G2MInst] <2148> _copyFile from C:\Users\Pench\AppData\Local\Temp\1B0CEB53-2A10-4BEC-B22A-E978E01277C9\G2MResource_zh.dll to C:\Users\Pench\AppData\Local\GoToMeeting\19932\G2MResource_zh.dll
2023-01-09 18:06:21.373 +0530 i: [G2MInst] <2148> _copyFile from C:\Users\Pench\AppData\Local\Temp\1B0CEB53-2A10-4BEC-B22A-E978E01277C9\G2MResource_ko.dll to C:\Users\Pench\AppData\Local\GoToMeeting\19932\G2MResource_ko.dll
2023-01-09 18:06:21.373 +0530 i: [G2MInst] <2148> _copyFile from C:\Users\Pench\AppData\Local\Temp\1B0CEB53-2A10-4BEC-B22A-E978E01277C9\G2MResource_ja.dll to C:\Users\Pench\AppData\Local\GoToMeeting\19932\G2MResource_ja.dll
2023-01-09 18:06:21.373 +0530 i: [G2MInst] <2148> _copyFile from C:\Users\Pench\AppData\Local\Temp\1B0CEB53-2A10-4BEC-B22A-E978E01277C9\G2MResource_pt-BR.dll to C:\Users\Pench\AppData\Local\GoToMeeting\19932\G2MResource_pt-BR.dll
2023-01-09 18:06:21.373 +0530 i: [G2MInst] <2148> _copyFile from C:\Users\Pench\AppData\Local\Temp\1B0CEB53-2A10-4BEC-B22A-E978E01277C9\G2MCommonResources.dll to C:\Users\Pench\AppData\Local\GoToMeeting\19932\G2MCommonResources.dll
2023-01-09 18:06:21.389 +0530 i: [G2MInst] <2148> _copyFile from C:\Users\Pench\AppData\Local\Temp\1B0CEB53-2A10-4BEC-B22A-E978E01277C9\G2MInstaller.exe to C:\Users\Pench\AppData\Local\GoToMeeting\19932\G2MInstaller.exe
2023-01-09 18:06:21.389 +0530 i: [G2MInst] <2148> _copyFile from C:\Users\Pench\AppData\Local\Temp\1B0CEB53-2A10-4BEC-B22A-E978E01277C9\G2MInstaller.exe to C:\Users\Pench\AppData\Local\GoToMeeting\19932\G2MUninstall.exe
2023-01-09 18:06:21.389 +0530 i: [G2MInst] <2148> _copyFile from C:\Users\Pench\AppData\Local\Temp\1B0CEB53-2A10-4BEC-B22A-E978E01277C9\G2MOutlookAddin.dll to C:\Users\Pench\AppData\Local\GoToMeeting\19932\G2MOutlookAddin.dll
2023-01-09 18:06:21.404 +0530 i: [G2MInst] <2148> _copyFile from C:\Users\Pench\AppData\Local\Temp\1B0CEB53-2A10-4BEC-B22A-E978E01277C9\G2MOutlookAddin64.dll to C:\Users\Pench\AppData\Local\GoToMeeting\19932\G2MOutlookAddin64.dll
2023-01-09 18:06:21.404 +0530 i: [G2MInst] <2148> _copyFile from C:\Users\Pench\AppData\Local\Temp\1B0CEB53-2A10-4BEC-B22A-E978E01277C9\G2MScrUtil64.exe to C:\Users\Pench\AppData\Local\GoToMeeting\19932\G2MScrUtil64.exe
2023-01-09 18:06:21.404 +0530 i: [G2MInst] <2148> _copyFile from C:\Users\Pench\AppData\Local\Temp\1B0CEB53-2A10-4BEC-B22A-E978E01277C9\G2MScrUtil32.exe to C:\Users\Pench\AppData\Local\GoToMeeting\19932\G2MScrUtil32.exe
2023-01-09 18:06:21.404 +0530 i: [G2MInst] <2148> _copyFile from C:\Users\Pench\AppData\Local\Temp\1B0CEB53-2A10-4BEC-B22A-E978E01277C9\G2MTestSound.wav to C:\Users\Pench\AppData\Local\GoToMeeting\19932\G2MTestSound.wav
2023-01-09 18:06:21.420 +0530 i: [G2MInst] <2148> _copyFile from C:\Users\Pench\AppData\Local\Temp\1B0CEB53-2A10-4BEC-B22A-E978E01277C9\g2mui.exe to C:\Users\Pench\AppData\Local\GoToMeeting\19932\g2mui.exe
2023-01-09 18:06:21.420 +0530 i: [G2MInst] <2148> _copyFile from C:\Users\Pench\AppData\Local\Temp\1B0CEB53-2A10-4BEC-B22A-E978E01277C9\g2mcomm.exe to C:\Users\Pench\AppData\Local\GoToMeeting\19932\g2mcomm.exe
2023-01-09 18:06:21.420 +0530 i: [G2MInst] <2148> _copyFile from C:\Users\Pench\AppData\Local\Temp\1B0CEB53-2A10-4BEC-B22A-E978E01277C9\g2mtranscoder.exe to C:\Users\Pench\AppData\Local\GoToMeeting\19932\g2mtranscoder.exe
2023-01-09 18:06:21.420 +0530 i: [G2MInst] <2148> _copyFile from C:\Users\Pench\AppData\Local\Temp\1B0CEB53-2A10-4BEC-B22A-E978E01277C9\g2mlauncher.exe to C:\Users\Pench\AppData\Local\GoToMeeting\19932\g2mlauncher.exe
2023-01-09 18:06:21.420 +0530 i: [G2MInst] <2148> _copyFile from C:\Users\Pench\AppData\Local\Temp\1B0CEB53-2A10-4BEC-B22A-E978E01277C9\G2M.dll to C:\Users\Pench\AppData\Local\GoToMeeting\19932\G2M.dll
2023-01-09 18:06:21.467 +0530 i: [G2MInst] <2148> _copyFile from C:\Users\Pench\AppData\Local\Temp\1B0CEB53-2A10-4BEC-B22A-E978E01277C9\G2MInstaller.exe to C:\Users\Pench\AppData\Local\GoToMeeting\19932\g2mstart.exe
2023-01-09 18:06:21.467 +0530 i: [G2MInst] <2148> _copyFile from C:\Users\Pench\AppData\Local\Temp\1B0CEB53-2A10-4BEC-B22A-E978E01277C9\G2MInstaller.exe to C:\Users\Pench\AppData\Local\GoToMeeting\19932\g2mvideoconference.exe
2023-01-09 18:06:21.467 +0530 i: [G2MInst] <2148> _copyFile from C:\Users\Pench\AppData\Local\Temp\1B0CEB53-2A10-4BEC-B22A-E978E01277C9\G2MInstaller.exe to C:\Users\Pench\AppData\Local\GoToMeeting\19932\g2mupdate.exe
2023-01-09 18:06:21.467 +0530 i: [G2MInst] <2148> _copyFile from C:\Users\Pench\AppData\Local\Temp\1B0CEB53-2A10-4BEC-B22A-E978E01277C9\G2MInstaller.exe to C:\Users\Pench\AppData\Local\GoToMeeting\19932\g2mupload.exe
2023-01-09 18:06:21.467 +0530 i: [G2MInst] <2148> testExecutionInInstallDir
2023-01-09 18:06:21.498 +0530 i: [G2MInst] <2148> 	_createProcess: ...
2023-01-09 18:06:22.107 +0530 i: [G2MInst] <2148> _enableSilentElevation
2023-01-09 18:06:22.107 +0530 i: [G2MInst] <2148> 	created key {7F275564-3303-46AD-93DE-019172520C2D}
2023-01-09 18:06:22.107 +0530 i: [G2MInst] <2148> _registerDirectLaunchHandlers
2023-01-09 18:06:22.123 +0530 i: [G2MInst] <2148> _setupScheduledTasksOnMainInstall
2023-01-09 18:06:22.123 +0530 i: [G2MInst] <2148> 	Skipping setup of scheduled tasks because this installer's build (19932) is not newer than the scheduled tasks' build (19950).
2023-01-09 18:06:22.123 +0530 i: [G2MInst] <2148> cleanupMyDirectory


2023-01-09 18:06:29.451 +0530 i: [G2MInst] <15DC> ======================================================
2023-01-09 18:06:29.451 +0530 i: [G2MInst] <15DC> C:\Users\Pench\AppData\Local\Temp\LogMeInLogs\G2MInst.log
2023-01-09 18:06:29.451 +0530 i: [G2MInst] <15DC> GoToMeeting Installer build 19796
2023-01-09 18:06:29.451 +0530 i: [G2MInst] <15DC> args received:
2023-01-09 18:06:29.451 +0530 i: [G2MInst] <15DC> 	"/Action Install" "/DoNotStartG2M True" /InvokedByG2MUpdate /silent
2023-01-09 18:06:29.451 +0530 i: [G2MInst] <15DC> logSecurityInfo
			OS ver 10.0,
			lua=1, virtualization=1, inst-detect=1,
			integrity level 0x00002000 (MEDIUM)
2023-01-09 18:06:29.451 +0530 i: [G2MInst] <15DC> effective args:
2023-01-09 18:06:29.451 +0530 i: [G2MInst] <15DC> 	"/Action Install" "/DoNotStartG2M True" /InvokedByG2MUpdate /silent
2023-01-09 18:06:29.451 +0530 i: [G2MInst] <15DC> Invoked by G2MUpdate
2023-01-09 18:06:29.451 +0530 i: [G2MInst] <15DC> Won't start loader due to DoNotStartG2M provided
2023-01-09 18:06:29.451 +0530 i: [G2MInst] <15DC> install.
2023-01-09 18:06:29.451 +0530 i: [G2MInst] <15DC> checkAndGetToken
2023-01-09 18:06:29.451 +0530 i: [G2MInst] <15DC> locateInstallKeys
2023-01-09 18:06:29.451 +0530 i: [G2MInst] <15DC> Existing installation of this version not found.
2023-01-09 18:06:29.451 +0530 i: [G2MInst] <15DC> Installing in HKCU.
2023-01-09 18:06:29.467 +0530 i: [G2MInst] <15DC> locateInstallDirs
2023-01-09 18:06:29.467 +0530 i: [G2MInst] <15DC> 	_evalCandidateDir C:\Users\Pench\AppData\Local\GoToMeeting\19796.
2023-01-09 18:06:29.513 +0530 i: [G2MInst] <15DC> 	_appDir: C:\Users\Pench\AppData\Local\GoToMeeting
2023-01-09 18:06:29.513 +0530 i: [G2MInst] <15DC> This build (19796) is older than the latest build installed (19950).
2023-01-09 18:06:29.513 +0530 i: [G2MInst] <15DC> _copyFile from C:\Users\Pench\AppData\Local\Temp\83DA807F-85E5-4593-90A1-6D7694FF4FBC\uninshlp.dll to C:\Users\Pench\AppData\Local\GoToMeeting\19796\uninshlp.dll
2023-01-09 18:06:29.513 +0530 i: [G2MInst] <15DC> _copyFile from C:\Users\Pench\AppData\Local\Temp\83DA807F-85E5-4593-90A1-6D7694FF4FBC\G2MResource_en.dll to C:\Users\Pench\AppData\Local\GoToMeeting\19796\G2MResource_en.dll
2023-01-09 18:06:29.513 +0530 i: [G2MInst] <15DC> _copyFile from C:\Users\Pench\AppData\Local\Temp\83DA807F-85E5-4593-90A1-6D7694FF4FBC\G2MResource_de.dll to C:\Users\Pench\AppData\Local\GoToMeeting\19796\G2MResource_de.dll
2023-01-09 18:06:29.513 +0530 i: [G2MInst] <15DC> _copyFile from C:\Users\Pench\AppData\Local\Temp\83DA807F-85E5-4593-90A1-6D7694FF4FBC\G2MResource_fr.dll to C:\Users\Pench\AppData\Local\GoToMeeting\19796\G2MResource_fr.dll
2023-01-09 18:06:29.529 +0530 i: [G2MInst] <15DC> _copyFile from C:\Users\Pench\AppData\Local\Temp\83DA807F-85E5-4593-90A1-6D7694FF4FBC\G2MResource_es.dll to C:\Users\Pench\AppData\Local\GoToMeeting\19796\G2MResource_es.dll
2023-01-09 18:06:29.529 +0530 i: [G2MInst] <15DC> _copyFile from C:\Users\Pench\AppData\Local\Temp\83DA807F-85E5-4593-90A1-6D7694FF4FBC\G2MResource_it.dll to C:\Users\Pench\AppData\Local\GoToMeeting\19796\G2MResource_it.dll
2023-01-09 18:06:29.529 +0530 i: [G2MInst] <15DC> _copyFile from C:\Users\Pench\AppData\Local\Temp\83DA807F-85E5-4593-90A1-6D7694FF4FBC\G2MResource_zh.dll to C:\Users\Pench\AppData\Local\GoToMeeting\19796\G2MResource_zh.dll
2023-01-09 18:06:29.529 +0530 i: [G2MInst] <15DC> _copyFile from C:\Users\Pench\AppData\Local\Temp\83DA807F-85E5-4593-90A1-6D7694FF4FBC\G2MResource_ko.dll to C:\Users\Pench\AppData\Local\GoToMeeting\19796\G2MResource_ko.dll
2023-01-09 18:06:29.576 +0530 i: [G2MInst] <15DC> _copyFile from C:\Users\Pench\AppData\Local\Temp\83DA807F-85E5-4593-90A1-6D7694FF4FBC\G2MResource_ja.dll to C:\Users\Pench\AppData\Local\GoToMeeting\19796\G2MResource_ja.dll
2023-01-09 18:06:29.592 +0530 i: [G2MInst] <15DC> _copyFile from C:\Users\Pench\AppData\Local\Temp\83DA807F-85E5-4593-90A1-6D7694FF4FBC\G2MResource_pt-BR.dll to C:\Users\Pench\AppData\Local\GoToMeeting\19796\G2MResource_pt-BR.dll
2023-01-09 18:06:29.592 +0530 i: [G2MInst] <15DC> _copyFile from C:\Users\Pench\AppData\Local\Temp\83DA807F-85E5-4593-90A1-6D7694FF4FBC\G2MCommonResources.dll to C:\Users\Pench\AppData\Local\GoToMeeting\19796\G2MCommonResources.dll
2023-01-09 18:06:29.607 +0530 i: [G2MInst] <15DC> _copyFile from C:\Users\Pench\AppData\Local\Temp\83DA807F-85E5-4593-90A1-6D7694FF4FBC\G2MInstaller.exe to C:\Users\Pench\AppData\Local\GoToMeeting\19796\G2MInstaller.exe
2023-01-09 18:06:29.607 +0530 i: [G2MInst] <15DC> _copyFile from C:\Users\Pench\AppData\Local\Temp\83DA807F-85E5-4593-90A1-6D7694FF4FBC\G2MInstaller.exe to C:\Users\Pench\AppData\Local\GoToMeeting\19796\G2MUninstall.exe
2023-01-09 18:06:29.607 +0530 i: [G2MInst] <15DC> _copyFile from C:\Users\Pench\AppData\Local\Temp\83DA807F-85E5-4593-90A1-6D7694FF4FBC\G2MOutlookAddin.dll to C:\Users\Pench\AppData\Local\GoToMeeting\19796\G2MOutlookAddin.dll
2023-01-09 18:06:29.607 +0530 i: [G2MInst] <15DC> _copyFile from C:\Users\Pench\AppData\Local\Temp\83DA807F-85E5-4593-90A1-6D7694FF4FBC\G2MOutlookAddin64.dll to C:\Users\Pench\AppData\Local\GoToMeeting\19796\G2MOutlookAddin64.dll
2023-01-09 18:06:29.623 +0530 i: [G2MInst] <15DC> _copyFile from C:\Users\Pench\AppData\Local\Temp\83DA807F-85E5-4593-90A1-6D7694FF4FBC\G2MScrUtil64.exe to C:\Users\Pench\AppData\Local\GoToMeeting\19796\G2MScrUtil64.exe
2023-01-09 18:06:29.623 +0530 i: [G2MInst] <15DC> _copyFile from C:\Users\Pench\AppData\Local\Temp\83DA807F-85E5-4593-90A1-6D7694FF4FBC\G2MScrUtil32.exe to C:\Users\Pench\AppData\Local\GoToMeeting\19796\G2MScrUtil32.exe
2023-01-09 18:06:29.623 +0530 i: [G2MInst] <15DC> _copyFile from C:\Users\Pench\AppData\Local\Temp\83DA807F-85E5-4593-90A1-6D7694FF4FBC\G2MTestSound.wav to C:\Users\Pench\AppData\Local\GoToMeeting\19796\G2MTestSound.wav
2023-01-09 18:06:29.623 +0530 i: [G2MInst] <15DC> _copyFile from C:\Users\Pench\AppData\Local\Temp\83DA807F-85E5-4593-90A1-6D7694FF4FBC\g2mui.exe to C:\Users\Pench\AppData\Local\GoToMeeting\19796\g2mui.exe
2023-01-09 18:06:29.638 +0530 i: [G2MInst] <15DC> _copyFile from C:\Users\Pench\AppData\Local\Temp\83DA807F-85E5-4593-90A1-6D7694FF4FBC\g2mcomm.exe to C:\Users\Pench\AppData\Local\GoToMeeting\19796\g2mcomm.exe
2023-01-09 18:06:29.638 +0530 i: [G2MInst] <15DC> _copyFile from C:\Users\Pench\AppData\Local\Temp\83DA807F-85E5-4593-90A1-6D7694FF4FBC\g2mtranscoder.exe to C:\Users\Pench\AppData\Local\GoToMeeting\19796\g2mtranscoder.exe
2023-01-09 18:06:29.638 +0530 i: [G2MInst] <15DC> _copyFile from C:\Users\Pench\AppData\Local\Temp\83DA807F-85E5-4593-90A1-6D7694FF4FBC\g2mlauncher.exe to C:\Users\Pench\AppData\Local\GoToMeeting\19796\g2mlauncher.exe
2023-01-09 18:06:29.638 +0530 i: [G2MInst] <15DC> _copyFile from C:\Users\Pench\AppData\Local\Temp\83DA807F-85E5-4593-90A1-6D7694FF4FBC\G2M.dll to C:\Users\Pench\AppData\Local\GoToMeeting\19796\G2M.dll
2023-01-09 18:06:29.685 +0530 i: [G2MInst] <15DC> _copyFile from C:\Users\Pench\AppData\Local\Temp\83DA807F-85E5-4593-90A1-6D7694FF4FBC\G2MInstaller.exe to C:\Users\Pench\AppData\Local\GoToMeeting\19796\g2mstart.exe
2023-01-09 18:06:29.685 +0530 i: [G2MInst] <15DC> _copyFile from C:\Users\Pench\AppData\Local\Temp\83DA807F-85E5-4593-90A1-6D7694FF4FBC\G2MInstaller.exe to C:\Users\Pench\AppData\Local\GoToMeeting\19796\g2mvideoconference.exe
2023-01-09 18:06:29.685 +0530 i: [G2MInst] <15DC> _copyFile from C:\Users\Pench\AppData\Local\Temp\83DA807F-85E5-4593-90A1-6D7694FF4FBC\G2MInstaller.exe to C:\Users\Pench\AppData\Local\GoToMeeting\19796\g2mupdate.exe
2023-01-09 18:06:29.685 +0530 i: [G2MInst] <15DC> _copyFile from C:\Users\Pench\AppData\Local\Temp\83DA807F-85E5-4593-90A1-6D7694FF4FBC\G2MInstaller.exe to C:\Users\Pench\AppData\Local\GoToMeeting\19796\g2mupload.exe
2023-01-09 18:06:29.701 +0530 i: [G2MInst] <15DC> testExecutionInInstallDir
2023-01-09 18:06:29.717 +0530 i: [G2MInst] <15DC> 	_createProcess: ...
2023-01-09 18:06:30.310 +0530 i: [G2MInst] <15DC> _enableSilentElevation
2023-01-09 18:06:30.310 +0530 i: [G2MInst] <15DC> 	created key {A70EA468-17C9-47E5-8E8C-6C433ED71B24}
2023-01-09 18:06:30.310 +0530 i: [G2MInst] <15DC> _registerDirectLaunchHandlers
2023-01-09 18:06:30.310 +0530 i: [G2MInst] <15DC> _setupScheduledTasksOnMainInstall
2023-01-09 18:06:30.310 +0530 i: [G2MInst] <15DC> 	Skipping setup of scheduled tasks because this installer's build (19796) is not newer than the scheduled tasks' build (19950).
2023-01-09 18:06:30.310 +0530 i: [G2MInst] <15DC> cleanupMyDirectory


2023-01-09 18:06:40.388 +0530 i: [G2MInst] <4C8> ======================================================
2023-01-09 18:06:40.388 +0530 i: [G2MInst] <4C8> C:\Users\Pench\AppData\Local\Temp\LogMeInLogs\G2MInst.log
2023-01-09 18:06:40.388 +0530 i: [G2MInst] <4C8> GoToMeeting Installer build 19598
2023-01-09 18:06:40.388 +0530 i: [G2MInst] <4C8> args received:
2023-01-09 18:06:40.388 +0530 i: [G2MInst] <4C8> 	"/Action Install" "/DoNotStartG2M True" /InvokedByG2MUpdate /silent
2023-01-09 18:06:40.388 +0530 i: [G2MInst] <4C8> logSecurityInfo
			OS ver 10.0,
			lua=1, virtualization=1, inst-detect=1,
			integrity level 0x00002000 (MEDIUM)
2023-01-09 18:06:40.388 +0530 i: [G2MInst] <4C8> effective args:
2023-01-09 18:06:40.388 +0530 i: [G2MInst] <4C8> 	"/Action Install" "/DoNotStartG2M True" /InvokedByG2MUpdate /silent
2023-01-09 18:06:40.388 +0530 i: [G2MInst] <4C8> Invoked by G2MUpdate
2023-01-09 18:06:40.388 +0530 i: [G2MInst] <4C8> Won't start loader due to DoNotStartG2M provided
2023-01-09 18:06:40.388 +0530 i: [G2MInst] <4C8> install.
2023-01-09 18:06:40.388 +0530 i: [G2MInst] <4C8> checkAndGetToken
2023-01-09 18:06:40.388 +0530 i: [G2MInst] <4C8> locateInstallKeys
2023-01-09 18:06:40.388 +0530 i: [G2MInst] <4C8> Existing installation of this version not found.
2023-01-09 18:06:40.388 +0530 i: [G2MInst] <4C8> Installing in HKCU.
2023-01-09 18:06:40.388 +0530 i: [G2MInst] <4C8> locateInstallDirs
2023-01-09 18:06:40.388 +0530 i: [G2MInst] <4C8> 	_evalCandidateDir C:\Users\Pench\AppData\Local\GoToMeeting\19598.
2023-01-09 18:06:40.435 +0530 i: [G2MInst] <4C8> 	_appDir: C:\Users\Pench\AppData\Local\GoToMeeting
2023-01-09 18:06:40.435 +0530 i: [G2MInst] <4C8> This build (19598) is older than the latest build installed (19950).
2023-01-09 18:06:40.451 +0530 i: [G2MInst] <4C8> _copyFile from C:\Users\Pench\AppData\Local\Temp\7B5CCCCA-6652-4A1F-B77B-599C14E6CD73\uninshlp.dll to C:\Users\Pench\AppData\Local\GoToMeeting\19598\uninshlp.dll
2023-01-09 18:06:40.451 +0530 i: [G2MInst] <4C8> _copyFile from C:\Users\Pench\AppData\Local\Temp\7B5CCCCA-6652-4A1F-B77B-599C14E6CD73\G2MResource_en.dll to C:\Users\Pench\AppData\Local\GoToMeeting\19598\G2MResource_en.dll
2023-01-09 18:06:40.451 +0530 i: [G2MInst] <4C8> _copyFile from C:\Users\Pench\AppData\Local\Temp\7B5CCCCA-6652-4A1F-B77B-599C14E6CD73\G2MResource_de.dll to C:\Users\Pench\AppData\Local\GoToMeeting\19598\G2MResource_de.dll
2023-01-09 18:06:40.451 +0530 i: [G2MInst] <4C8> _copyFile from C:\Users\Pench\AppData\Local\Temp\7B5CCCCA-6652-4A1F-B77B-599C14E6CD73\G2MResource_fr.dll to C:\Users\Pench\AppData\Local\GoToMeeting\19598\G2MResource_fr.dll
2023-01-09 18:06:40.451 +0530 i: [G2MInst] <4C8> _copyFile from C:\Users\Pench\AppData\Local\Temp\7B5CCCCA-6652-4A1F-B77B-599C14E6CD73\G2MResource_es.dll to C:\Users\Pench\AppData\Local\GoToMeeting\19598\G2MResource_es.dll
2023-01-09 18:06:40.451 +0530 i: [G2MInst] <4C8> _copyFile from C:\Users\Pench\AppData\Local\Temp\7B5CCCCA-6652-4A1F-B77B-599C14E6CD73\G2MResource_it.dll to C:\Users\Pench\AppData\Local\GoToMeeting\19598\G2MResource_it.dll
2023-01-09 18:06:40.466 +0530 i: [G2MInst] <4C8> _copyFile from C:\Users\Pench\AppData\Local\Temp\7B5CCCCA-6652-4A1F-B77B-599C14E6CD73\G2MResource_zh.dll to C:\Users\Pench\AppData\Local\GoToMeeting\19598\G2MResource_zh.dll
2023-01-09 18:06:40.466 +0530 i: [G2MInst] <4C8> _copyFile from C:\Users\Pench\AppData\Local\Temp\7B5CCCCA-6652-4A1F-B77B-599C14E6CD73\G2MResource_ko.dll to C:\Users\Pench\AppData\Local\GoToMeeting\19598\G2MResource_ko.dll
2023-01-09 18:06:40.513 +0530 i: [G2MInst] <4C8> _copyFile from C:\Users\Pench\AppData\Local\Temp\7B5CCCCA-6652-4A1F-B77B-599C14E6CD73\G2MResource_ja.dll to C:\Users\Pench\AppData\Local\GoToMeeting\19598\G2MResource_ja.dll
2023-01-09 18:06:40.513 +0530 i: [G2MInst] <4C8> _copyFile from C:\Users\Pench\AppData\Local\Temp\7B5CCCCA-6652-4A1F-B77B-599C14E6CD73\G2MResource_pt-BR.dll to C:\Users\Pench\AppData\Local\GoToMeeting\19598\G2MResource_pt-BR.dll
2023-01-09 18:06:40.529 +0530 i: [G2MInst] <4C8> _copyFile from C:\Users\Pench\AppData\Local\Temp\7B5CCCCA-6652-4A1F-B77B-599C14E6CD73\G2MCommonResources.dll to C:\Users\Pench\AppData\Local\GoToMeeting\19598\G2MCommonResources.dll
2023-01-09 18:06:40.529 +0530 i: [G2MInst] <4C8> _copyFile from C:\Users\Pench\AppData\Local\Temp\7B5CCCCA-6652-4A1F-B77B-599C14E6CD73\G2MInstaller.exe to C:\Users\Pench\AppData\Local\GoToMeeting\19598\G2MInstaller.exe
2023-01-09 18:06:40.544 +0530 i: [G2MInst] <4C8> _copyFile from C:\Users\Pench\AppData\Local\Temp\7B5CCCCA-6652-4A1F-B77B-599C14E6CD73\G2MInstaller.exe to C:\Users\Pench\AppData\Local\GoToMeeting\19598\G2MUninstall.exe
2023-01-09 18:06:40.544 +0530 i: [G2MInst] <4C8> _copyFile from C:\Users\Pench\AppData\Local\Temp\7B5CCCCA-6652-4A1F-B77B-599C14E6CD73\G2MOutlookAddin.dll to C:\Users\Pench\AppData\Local\GoToMeeting\19598\G2MOutlookAddin.dll
2023-01-09 18:06:40.544 +0530 i: [G2MInst] <4C8> _copyFile from C:\Users\Pench\AppData\Local\Temp\7B5CCCCA-6652-4A1F-B77B-599C14E6CD73\G2MOutlookAddin64.dll to C:\Users\Pench\AppData\Local\GoToMeeting\19598\G2MOutlookAddin64.dll
2023-01-09 18:06:40.544 +0530 i: [G2MInst] <4C8> _copyFile from C:\Users\Pench\AppData\Local\Temp\7B5CCCCA-6652-4A1F-B77B-599C14E6CD73\G2MScrUtil64.exe to C:\Users\Pench\AppData\Local\GoToMeeting\19598\G2MScrUtil64.exe
2023-01-09 18:06:40.544 +0530 i: [G2MInst] <4C8> _copyFile from C:\Users\Pench\AppData\Local\Temp\7B5CCCCA-6652-4A1F-B77B-599C14E6CD73\G2MScrUtil32.exe to C:\Users\Pench\AppData\Local\GoToMeeting\19598\G2MScrUtil32.exe
2023-01-09 18:06:40.560 +0530 i: [G2MInst] <4C8> _copyFile from C:\Users\Pench\AppData\Local\Temp\7B5CCCCA-6652-4A1F-B77B-599C14E6CD73\G2MTestSound.wav to C:\Users\Pench\AppData\Local\GoToMeeting\19598\G2MTestSound.wav
2023-01-09 18:06:40.560 +0530 i: [G2MInst] <4C8> _copyFile from C:\Users\Pench\AppData\Local\Temp\7B5CCCCA-6652-4A1F-B77B-599C14E6CD73\g2mui.exe to C:\Users\Pench\AppData\Local\GoToMeeting\19598\g2mui.exe
2023-01-09 18:06:40.560 +0530 i: [G2MInst] <4C8> _copyFile from C:\Users\Pench\AppData\Local\Temp\7B5CCCCA-6652-4A1F-B77B-599C14E6CD73\g2mcomm.exe to C:\Users\Pench\AppData\Local\GoToMeeting\19598\g2mcomm.exe
2023-01-09 18:06:40.560 +0530 i: [G2MInst] <4C8> _copyFile from C:\Users\Pench\AppData\Local\Temp\7B5CCCCA-6652-4A1F-B77B-599C14E6CD73\g2mtranscoder.exe to C:\Users\Pench\AppData\Local\GoToMeeting\19598\g2mtranscoder.exe
2023-01-09 18:06:40.576 +0530 i: [G2MInst] <4C8> _copyFile from C:\Users\Pench\AppData\Local\Temp\7B5CCCCA-6652-4A1F-B77B-599C14E6CD73\g2mlauncher.exe to C:\Users\Pench\AppData\Local\GoToMeeting\19598\g2mlauncher.exe
2023-01-09 18:06:40.576 +0530 i: [G2MInst] <4C8> _copyFile from C:\Users\Pench\AppData\Local\Temp\7B5CCCCA-6652-4A1F-B77B-599C14E6CD73\G2M.dll to C:\Users\Pench\AppData\Local\GoToMeeting\19598\G2M.dll
2023-01-09 18:06:40.607 +0530 i: [G2MInst] <4C8> _copyFile from C:\Users\Pench\AppData\Local\Temp\7B5CCCCA-6652-4A1F-B77B-599C14E6CD73\G2MInstaller.exe to C:\Users\Pench\AppData\Local\GoToMeeting\19598\g2mstart.exe
2023-01-09 18:06:40.607 +0530 i: [G2MInst] <4C8> _copyFile from C:\Users\Pench\AppData\Local\Temp\7B5CCCCA-6652-4A1F-B77B-599C14E6CD73\G2MInstaller.exe to C:\Users\Pench\AppData\Local\GoToMeeting\19598\g2mvideoconference.exe
2023-01-09 18:06:40.623 +0530 i: [G2MInst] <4C8> _copyFile from C:\Users\Pench\AppData\Local\Temp\7B5CCCCA-6652-4A1F-B77B-599C14E6CD73\G2MInstaller.exe to C:\Users\Pench\AppData\Local\GoToMeeting\19598\g2mupdate.exe
2023-01-09 18:06:40.623 +0530 i: [G2MInst] <4C8> _copyFile from C:\Users\Pench\AppData\Local\Temp\7B5CCCCA-6652-4A1F-B77B-599C14E6CD73\G2MInstaller.exe to C:\Users\Pench\AppData\Local\GoToMeeting\19598\g2mupload.exe
2023-01-09 18:06:40.623 +0530 i: [G2MInst] <4C8> testExecutionInInstallDir
2023-01-09 18:06:40.638 +0530 i: [G2MInst] <4C8> 	_createProcess: ...
2023-01-09 18:06:41.232 +0530 i: [G2MInst] <4C8> _enableSilentElevation
2023-01-09 18:06:41.232 +0530 i: [G2MInst] <4C8> 	created key {9C21D0BD-2A90-445B-B613-7717767FE0EB}
2023-01-09 18:06:41.232 +0530 i: [G2MInst] <4C8> _registerDirectLaunchHandlers
2023-01-09 18:06:41.232 +0530 i: [G2MInst] <4C8> _setupScheduledTasksOnMainInstall
2023-01-09 18:06:41.232 +0530 i: [G2MInst] <4C8> 	Skipping setup of scheduled tasks because this installer's build (19598) is not newer than the scheduled tasks' build (19950).
2023-01-09 18:06:41.232 +0530 i: [G2MInst] <4C8> cleanupMyDirectory


2023-01-09 18:06:59.287 +0530 i: [G2MInst] <17C> ======================================================
2023-01-09 18:06:59.287 +0530 i: [G2MInst] <17C> C:\Users\Pench\AppData\Local\Temp\LogMeInLogs\G2MInst.log
2023-01-09 18:06:59.287 +0530 i: [G2MInst] <17C> GoToMeeting Installer build 19228
2023-01-09 18:06:59.287 +0530 i: [G2MInst] <17C> args received:
2023-01-09 18:06:59.287 +0530 i: [G2MInst] <17C> 	"/Action Install" "/DoNotStartG2M True" /InvokedByG2MUpdate /silent
2023-01-09 18:06:59.287 +0530 i: [G2MInst] <17C> logSecurityInfo
			OS ver 10.0,
			lua=1, virtualization=1, inst-detect=1,
			integrity level 0x00002000 (MEDIUM)
2023-01-09 18:06:59.287 +0530 i: [G2MInst] <17C> effective args:
2023-01-09 18:06:59.287 +0530 i: [G2MInst] <17C> 	"/Action Install" "/DoNotStartG2M True" /InvokedByG2MUpdate /silent
2023-01-09 18:06:59.287 +0530 i: [G2MInst] <17C> Invoked by G2MUpdate
2023-01-09 18:06:59.287 +0530 i: [G2MInst] <17C> Won't start loader due to DoNotStartG2M provided
2023-01-09 18:06:59.287 +0530 i: [G2MInst] <17C> install.
2023-01-09 18:06:59.287 +0530 i: [G2MInst] <17C> checkAndGetToken
2023-01-09 18:06:59.287 +0530 i: [G2MInst] <17C> locateInstallKeys
2023-01-09 18:06:59.287 +0530 i: [G2MInst] <17C> Existing installation of this version not found.
2023-01-09 18:06:59.287 +0530 i: [G2MInst] <17C> Installing in HKCU.
2023-01-09 18:06:59.303 +0530 i: [G2MInst] <17C> locateInstallDirs
2023-01-09 18:06:59.303 +0530 i: [G2MInst] <17C> 	_evalCandidateDir C:\Users\Pench\AppData\Local\GoToMeeting\19228.
2023-01-09 18:06:59.350 +0530 i: [G2MInst] <17C> 	_appDir: C:\Users\Pench\AppData\Local\GoToMeeting
2023-01-09 18:06:59.350 +0530 i: [G2MInst] <17C> This build (19228) is older than the latest build installed (19950).
2023-01-09 18:06:59.350 +0530 i: [G2MInst] <17C> _copyFile from C:\Users\Pench\AppData\Local\Temp\B13D31BC-4E0B-409A-BF69-211EF83C1C6E\uninshlp.dll to C:\Users\Pench\AppData\Local\GoToMeeting\19228\uninshlp.dll
2023-01-09 18:06:59.350 +0530 i: [G2MInst] <17C> _copyFile from C:\Users\Pench\AppData\Local\Temp\B13D31BC-4E0B-409A-BF69-211EF83C1C6E\G2MResource_en.dll to C:\Users\Pench\AppData\Local\GoToMeeting\19228\G2MResource_en.dll
2023-01-09 18:06:59.350 +0530 i: [G2MInst] <17C> _copyFile from C:\Users\Pench\AppData\Local\Temp\B13D31BC-4E0B-409A-BF69-211EF83C1C6E\G2MResource_de.dll to C:\Users\Pench\AppData\Local\GoToMeeting\19228\G2MResource_de.dll
2023-01-09 18:06:59.350 +0530 i: [G2MInst] <17C> _copyFile from C:\Users\Pench\AppData\Local\Temp\B13D31BC-4E0B-409A-BF69-211EF83C1C6E\G2MResource_fr.dll to C:\Users\Pench\AppData\Local\GoToMeeting\19228\G2MResource_fr.dll
2023-01-09 18:06:59.365 +0530 i: [G2MInst] <17C> _copyFile from C:\Users\Pench\AppData\Local\Temp\B13D31BC-4E0B-409A-BF69-211EF83C1C6E\G2MResource_es.dll to C:\Users\Pench\AppData\Local\GoToMeeting\19228\G2MResource_es.dll
2023-01-09 18:06:59.365 +0530 i: [G2MInst] <17C> _copyFile from C:\Users\Pench\AppData\Local\Temp\B13D31BC-4E0B-409A-BF69-211EF83C1C6E\G2MResource_it.dll to C:\Users\Pench\AppData\Local\GoToMeeting\19228\G2MResource_it.dll
2023-01-09 18:06:59.365 +0530 i: [G2MInst] <17C> _copyFile from C:\Users\Pench\AppData\Local\Temp\B13D31BC-4E0B-409A-BF69-211EF83C1C6E\G2MResource_zh.dll to C:\Users\Pench\AppData\Local\GoToMeeting\19228\G2MResource_zh.dll
2023-01-09 18:06:59.365 +0530 i: [G2MInst] <17C> _copyFile from C:\Users\Pench\AppData\Local\Temp\B13D31BC-4E0B-409A-BF69-211EF83C1C6E\G2MResource_ko.dll to C:\Users\Pench\AppData\Local\GoToMeeting\19228\G2MResource_ko.dll
2023-01-09 18:06:59.365 +0530 i: [G2MInst] <17C> _copyFile from C:\Users\Pench\AppData\Local\Temp\B13D31BC-4E0B-409A-BF69-211EF83C1C6E\G2MResource_ja.dll to C:\Users\Pench\AppData\Local\GoToMeeting\19228\G2MResource_ja.dll
2023-01-09 18:06:59.428 +0530 i: [G2MInst] <17C> _copyFile from C:\Users\Pench\AppData\Local\Temp\B13D31BC-4E0B-409A-BF69-211EF83C1C6E\G2MResource_pt-BR.dll to C:\Users\Pench\AppData\Local\GoToMeeting\19228\G2MResource_pt-BR.dll
2023-01-09 18:06:59.428 +0530 i: [G2MInst] <17C> _copyFile from C:\Users\Pench\AppData\Local\Temp\B13D31BC-4E0B-409A-BF69-211EF83C1C6E\G2MCommonResources.dll to C:\Users\Pench\AppData\Local\GoToMeeting\19228\G2MCommonResources.dll
2023-01-09 18:06:59.443 +0530 i: [G2MInst] <17C> _copyFile from C:\Users\Pench\AppData\Local\Temp\B13D31BC-4E0B-409A-BF69-211EF83C1C6E\G2MInstaller.exe to C:\Users\Pench\AppData\Local\GoToMeeting\19228\G2MInstaller.exe
2023-01-09 18:06:59.443 +0530 i: [G2MInst] <17C> _copyFile from C:\Users\Pench\AppData\Local\Temp\B13D31BC-4E0B-409A-BF69-211EF83C1C6E\G2MInstaller.exe to C:\Users\Pench\AppData\Local\GoToMeeting\19228\G2MUninstall.exe
2023-01-09 18:06:59.443 +0530 i: [G2MInst] <17C> _copyFile from C:\Users\Pench\AppData\Local\Temp\B13D31BC-4E0B-409A-BF69-211EF83C1C6E\G2MOutlookAddin.dll to C:\Users\Pench\AppData\Local\GoToMeeting\19228\G2MOutlookAddin.dll
2023-01-09 18:06:59.443 +0530 i: [G2MInst] <17C> _copyFile from C:\Users\Pench\AppData\Local\Temp\B13D31BC-4E0B-409A-BF69-211EF83C1C6E\G2MOutlookAddin64.dll to C:\Users\Pench\AppData\Local\GoToMeeting\19228\G2MOutlookAddin64.dll
2023-01-09 18:06:59.443 +0530 i: [G2MInst] <17C> _copyFile from C:\Users\Pench\AppData\Local\Temp\B13D31BC-4E0B-409A-BF69-211EF83C1C6E\G2MScrUtil64.exe to C:\Users\Pench\AppData\Local\GoToMeeting\19228\G2MScrUtil64.exe
2023-01-09 18:06:59.459 +0530 i: [G2MInst] <17C> _copyFile from C:\Users\Pench\AppData\Local\Temp\B13D31BC-4E0B-409A-BF69-211EF83C1C6E\G2MScrUtil32.exe to C:\Users\Pench\AppData\Local\GoToMeeting\19228\G2MScrUtil32.exe
2023-01-09 18:06:59.459 +0530 i: [G2MInst] <17C> _copyFile from C:\Users\Pench\AppData\Local\Temp\B13D31BC-4E0B-409A-BF69-211EF83C1C6E\G2MTestSound.wav to C:\Users\Pench\AppData\Local\GoToMeeting\19228\G2MTestSound.wav
2023-01-09 18:06:59.459 +0530 i: [G2MInst] <17C> _copyFile from C:\Users\Pench\AppData\Local\Temp\B13D31BC-4E0B-409A-BF69-211EF83C1C6E\g2mui.exe to C:\Users\Pench\AppData\Local\GoToMeeting\19228\g2mui.exe
2023-01-09 18:06:59.459 +0530 i: [G2MInst] <17C> _copyFile from C:\Users\Pench\AppData\Local\Temp\B13D31BC-4E0B-409A-BF69-211EF83C1C6E\g2mcomm.exe to C:\Users\Pench\AppData\Local\GoToMeeting\19228\g2mcomm.exe
2023-01-09 18:06:59.475 +0530 i: [G2MInst] <17C> _copyFile from C:\Users\Pench\AppData\Local\Temp\B13D31BC-4E0B-409A-BF69-211EF83C1C6E\g2mtranscoder.exe to C:\Users\Pench\AppData\Local\GoToMeeting\19228\g2mtranscoder.exe
2023-01-09 18:06:59.475 +0530 i: [G2MInst] <17C> _copyFile from C:\Users\Pench\AppData\Local\Temp\B13D31BC-4E0B-409A-BF69-211EF83C1C6E\g2mlauncher.exe to C:\Users\Pench\AppData\Local\GoToMeeting\19228\g2mlauncher.exe
2023-01-09 18:06:59.475 +0530 i: [G2MInst] <17C> _copyFile from C:\Users\Pench\AppData\Local\Temp\B13D31BC-4E0B-409A-BF69-211EF83C1C6E\G2M.dll to C:\Users\Pench\AppData\Local\GoToMeeting\19228\G2M.dll
2023-01-09 18:06:59.506 +0530 i: [G2MInst] <17C> _copyFile from C:\Users\Pench\AppData\Local\Temp\B13D31BC-4E0B-409A-BF69-211EF83C1C6E\G2MInstaller.exe to C:\Users\Pench\AppData\Local\GoToMeeting\19228\g2mstart.exe
2023-01-09 18:06:59.522 +0530 i: [G2MInst] <17C> _copyFile from C:\Users\Pench\AppData\Local\Temp\B13D31BC-4E0B-409A-BF69-211EF83C1C6E\G2MInstaller.exe to C:\Users\Pench\AppData\Local\GoToMeeting\19228\g2mvideoconference.exe
2023-01-09 18:06:59.522 +0530 i: [G2MInst] <17C> _copyFile from C:\Users\Pench\AppData\Local\Temp\B13D31BC-4E0B-409A-BF69-211EF83C1C6E\G2MInstaller.exe to C:\Users\Pench\AppData\Local\GoToMeeting\19228\g2mupdate.exe
2023-01-09 18:06:59.522 +0530 i: [G2MInst] <17C> _copyFile from C:\Users\Pench\AppData\Local\Temp\B13D31BC-4E0B-409A-BF69-211EF83C1C6E\G2MInstaller.exe to C:\Users\Pench\AppData\Local\GoToMeeting\19228\g2mupload.exe
2023-01-09 18:06:59.522 +0530 i: [G2MInst] <17C> testExecutionInInstallDir
2023-01-09 18:06:59.537 +0530 i: [G2MInst] <17C> 	_createProcess: ...
2023-01-09 18:07:00.115 +0530 i: [G2MInst] <17C> _enableSilentElevation
2023-01-09 18:07:00.115 +0530 i: [G2MInst] <17C> 	created key {7C4658D1-3722-4F1E-BFBC-07D2782B486B}
2023-01-09 18:07:00.115 +0530 i: [G2MInst] <17C> _registerDirectLaunchHandlers
2023-01-09 18:07:00.131 +0530 i: [G2MInst] <17C> _setupScheduledTasksOnMainInstall
2023-01-09 18:07:00.131 +0530 i: [G2MInst] <17C> 	Skipping setup of scheduled tasks because this installer's build (19228) is not newer than the scheduled tasks' build (19950).
2023-01-09 18:07:00.131 +0530 i: [G2MInst] <17C> cleanupMyDirectory


2023-01-09 18:07:48.641 +0530 i: [G2MInst] <225C> ======================================================
2023-01-09 18:07:48.641 +0530 i: [G2MInst] <225C> C:\Users\Pench\AppData\Local\Temp\LogMeInLogs\G2MInst.log
2023-01-09 18:07:48.641 +0530 i: [G2MInst] <225C> GoToMeeting Installer build 18962
2023-01-09 18:07:48.641 +0530 i: [G2MInst] <225C> args received:
2023-01-09 18:07:48.641 +0530 i: [G2MInst] <225C> 	"/Action Install" "/DoNotStartG2M True" /InvokedByG2MUpdate /silent
2023-01-09 18:07:48.641 +0530 i: [G2MInst] <225C> logSecurityInfo
			OS ver 10.0,
			lua=1, virtualization=1, inst-detect=1,
			integrity level 0x00002000 (MEDIUM)
2023-01-09 18:07:48.641 +0530 i: [G2MInst] <225C> effective args:
2023-01-09 18:07:48.641 +0530 i: [G2MInst] <225C> 	"/Action Install" "/DoNotStartG2M True" /InvokedByG2MUpdate /silent
2023-01-09 18:07:48.641 +0530 i: [G2MInst] <225C> Invoked by G2MUpdate
2023-01-09 18:07:48.641 +0530 i: [G2MInst] <225C> Won't start loader due to DoNotStartG2M provided
2023-01-09 18:07:48.641 +0530 i: [G2MInst] <225C> install.
2023-01-09 18:07:48.641 +0530 i: [G2MInst] <225C> checkAndGetToken
2023-01-09 18:07:48.641 +0530 i: [G2MInst] <225C> locateInstallKeys
2023-01-09 18:07:48.641 +0530 i: [G2MInst] <225C> Existing installation of this version not found.
2023-01-09 18:07:48.641 +0530 i: [G2MInst] <225C> Installing in HKCU.
2023-01-09 18:07:48.641 +0530 i: [G2MInst] <225C> locateInstallDirs
2023-01-09 18:07:48.641 +0530 i: [G2MInst] <225C> 	_evalCandidateDir C:\Users\Pench\AppData\Local\GoToMeeting\18962.
2023-01-09 18:07:48.719 +0530 i: [G2MInst] <225C> 	_appDir: C:\Users\Pench\AppData\Local\GoToMeeting
2023-01-09 18:07:48.719 +0530 i: [G2MInst] <225C> This build (18962) is older than the latest build installed (19950).
2023-01-09 18:07:48.719 +0530 i: [G2MInst] <225C> _copyFile from C:\Users\Pench\AppData\Local\Temp\510F77C5-B9E6-40C4-8916-EF93305E501A\uninshlp.dll to C:\Users\Pench\AppData\Local\GoToMeeting\18962\uninshlp.dll
2023-01-09 18:07:48.719 +0530 i: [G2MInst] <225C> _copyFile from C:\Users\Pench\AppData\Local\Temp\510F77C5-B9E6-40C4-8916-EF93305E501A\G2MResource_en.dll to C:\Users\Pench\AppData\Local\GoToMeeting\18962\G2MResource_en.dll
2023-01-09 18:07:48.735 +0530 i: [G2MInst] <225C> _copyFile from C:\Users\Pench\AppData\Local\Temp\510F77C5-B9E6-40C4-8916-EF93305E501A\G2MResource_de.dll to C:\Users\Pench\AppData\Local\GoToMeeting\18962\G2MResource_de.dll
2023-01-09 18:07:48.735 +0530 i: [G2MInst] <225C> _copyFile from C:\Users\Pench\AppData\Local\Temp\510F77C5-B9E6-40C4-8916-EF93305E501A\G2MResource_fr.dll to C:\Users\Pench\AppData\Local\GoToMeeting\18962\G2MResource_fr.dll
2023-01-09 18:07:48.735 +0530 i: [G2MInst] <225C> _copyFile from C:\Users\Pench\AppData\Local\Temp\510F77C5-B9E6-40C4-8916-EF93305E501A\G2MResource_es.dll to C:\Users\Pench\AppData\Local\GoToMeeting\18962\G2MResource_es.dll
2023-01-09 18:07:48.735 +0530 i: [G2MInst] <225C> _copyFile from C:\Users\Pench\AppData\Local\Temp\510F77C5-B9E6-40C4-8916-EF93305E501A\G2MResource_it.dll to C:\Users\Pench\AppData\Local\GoToMeeting\18962\G2MResource_it.dll
2023-01-09 18:07:48.735 +0530 i: [G2MInst] <225C> _copyFile from C:\Users\Pench\AppData\Local\Temp\510F77C5-B9E6-40C4-8916-EF93305E501A\G2MResource_zh.dll to C:\Users\Pench\AppData\Local\GoToMeeting\18962\G2MResource_zh.dll
2023-01-09 18:07:48.750 +0530 i: [G2MInst] <225C> _copyFile from C:\Users\Pench\AppData\Local\Temp\510F77C5-B9E6-40C4-8916-EF93305E501A\G2MResource_ko.dll to C:\Users\Pench\AppData\Local\GoToMeeting\18962\G2MResource_ko.dll
2023-01-09 18:07:48.797 +0530 i: [G2MInst] <225C> _copyFile from C:\Users\Pench\AppData\Local\Temp\510F77C5-B9E6-40C4-8916-EF93305E501A\G2MResource_ja.dll to C:\Users\Pench\AppData\Local\GoToMeeting\18962\G2MResource_ja.dll
2023-01-09 18:07:48.813 +0530 i: [G2MInst] <225C> _copyFile from C:\Users\Pench\AppData\Local\Temp\510F77C5-B9E6-40C4-8916-EF93305E501A\G2MResource_pt-BR.dll to C:\Users\Pench\AppData\Local\GoToMeeting\18962\G2MResource_pt-BR.dll
2023-01-09 18:07:48.813 +0530 i: [G2MInst] <225C> _copyFile from C:\Users\Pench\AppData\Local\Temp\510F77C5-B9E6-40C4-8916-EF93305E501A\G2MCommonResources.dll to C:\Users\Pench\AppData\Local\GoToMeeting\18962\G2MCommonResources.dll
2023-01-09 18:07:48.829 +0530 i: [G2MInst] <225C> _copyFile from C:\Users\Pench\AppData\Local\Temp\510F77C5-B9E6-40C4-8916-EF93305E501A\G2MInstaller.exe to C:\Users\Pench\AppData\Local\GoToMeeting\18962\G2MInstaller.exe
2023-01-09 18:07:48.829 +0530 i: [G2MInst] <225C> _copyFile from C:\Users\Pench\AppData\Local\Temp\510F77C5-B9E6-40C4-8916-EF93305E501A\G2MInstaller.exe to C:\Users\Pench\AppData\Local\GoToMeeting\18962\G2MUninstall.exe
2023-01-09 18:07:48.829 +0530 i: [G2MInst] <225C> _copyFile from C:\Users\Pench\AppData\Local\Temp\510F77C5-B9E6-40C4-8916-EF93305E501A\G2MOutlookAddin.dll to C:\Users\Pench\AppData\Local\GoToMeeting\18962\G2MOutlookAddin.dll
2023-01-09 18:07:48.829 +0530 i: [G2MInst] <225C> _copyFile from C:\Users\Pench\AppData\Local\Temp\510F77C5-B9E6-40C4-8916-EF93305E501A\G2MOutlookAddin64.dll to C:\Users\Pench\AppData\Local\GoToMeeting\18962\G2MOutlookAddin64.dll
2023-01-09 18:07:48.844 +0530 i: [G2MInst] <225C> _copyFile from C:\Users\Pench\AppData\Local\Temp\510F77C5-B9E6-40C4-8916-EF93305E501A\G2MScrUtil64.exe to C:\Users\Pench\AppData\Local\GoToMeeting\18962\G2MScrUtil64.exe
2023-01-09 18:07:48.844 +0530 i: [G2MInst] <225C> _copyFile from C:\Users\Pench\AppData\Local\Temp\510F77C5-B9E6-40C4-8916-EF93305E501A\G2MScrUtil32.exe to C:\Users\Pench\AppData\Local\GoToMeeting\18962\G2MScrUtil32.exe
2023-01-09 18:07:48.844 +0530 i: [G2MInst] <225C> _copyFile from C:\Users\Pench\AppData\Local\Temp\510F77C5-B9E6-40C4-8916-EF93305E501A\G2MTestSound.wav to C:\Users\Pench\AppData\Local\GoToMeeting\18962\G2MTestSound.wav
2023-01-09 18:07:48.844 +0530 i: [G2MInst] <225C> _copyFile from C:\Users\Pench\AppData\Local\Temp\510F77C5-B9E6-40C4-8916-EF93305E501A\g2mui.exe to C:\Users\Pench\AppData\Local\GoToMeeting\18962\g2mui.exe
2023-01-09 18:07:48.860 +0530 i: [G2MInst] <225C> _copyFile from C:\Users\Pench\AppData\Local\Temp\510F77C5-B9E6-40C4-8916-EF93305E501A\g2mcomm.exe to C:\Users\Pench\AppData\Local\GoToMeeting\18962\g2mcomm.exe
2023-01-09 18:07:48.860 +0530 i: [G2MInst] <225C> _copyFile from C:\Users\Pench\AppData\Local\Temp\510F77C5-B9E6-40C4-8916-EF93305E501A\g2mtranscoder.exe to C:\Users\Pench\AppData\Local\GoToMeeting\18962\g2mtranscoder.exe
2023-01-09 18:07:48.860 +0530 i: [G2MInst] <225C> _copyFile from C:\Users\Pench\AppData\Local\Temp\510F77C5-B9E6-40C4-8916-EF93305E501A\g2mlauncher.exe to C:\Users\Pench\AppData\Local\GoToMeeting\18962\g2mlauncher.exe
2023-01-09 18:07:48.875 +0530 i: [G2MInst] <225C> _copyFile from C:\Users\Pench\AppData\Local\Temp\510F77C5-B9E6-40C4-8916-EF93305E501A\G2M.dll to C:\Users\Pench\AppData\Local\GoToMeeting\18962\G2M.dll
2023-01-09 18:07:48.907 +0530 i: [G2MInst] <225C> _copyFile from C:\Users\Pench\AppData\Local\Temp\510F77C5-B9E6-40C4-8916-EF93305E501A\G2MInstaller.exe to C:\Users\Pench\AppData\Local\GoToMeeting\18962\g2mstart.exe
2023-01-09 18:07:48.922 +0530 i: [G2MInst] <225C> _copyFile from C:\Users\Pench\AppData\Local\Temp\510F77C5-B9E6-40C4-8916-EF93305E501A\G2MInstaller.exe to C:\Users\Pench\AppData\Local\GoToMeeting\18962\g2mvideoconference.exe
2023-01-09 18:07:48.922 +0530 i: [G2MInst] <225C> _copyFile from C:\Users\Pench\AppData\Local\Temp\510F77C5-B9E6-40C4-8916-EF93305E501A\G2MInstaller.exe to C:\Users\Pench\AppData\Local\GoToMeeting\18962\g2mupdate.exe
2023-01-09 18:07:48.954 +0530 i: [G2MInst] <225C> _copyFile from C:\Users\Pench\AppData\Local\Temp\510F77C5-B9E6-40C4-8916-EF93305E501A\G2MInstaller.exe to C:\Users\Pench\AppData\Local\GoToMeeting\18962\g2mupload.exe
2023-01-09 18:07:48.969 +0530 i: [G2MInst] <225C> testExecutionInInstallDir
2023-01-09 18:07:48.985 +0530 i: [G2MInst] <225C> 	_createProcess: ...
2023-01-09 18:07:49.532 +0530 i: [G2MInst] <225C> _enableSilentElevation
2023-01-09 18:07:49.532 +0530 i: [G2MInst] <225C> 	created key {65BF01FF-E9AD-4B39-94DC-EEE1D06B1F2A}
2023-01-09 18:07:49.532 +0530 i: [G2MInst] <225C> _registerDirectLaunchHandlers
2023-01-09 18:07:49.672 +0530 i: [G2MInst] <225C> _setupScheduledTasksOnMainInstall
2023-01-09 18:07:49.672 +0530 i: [G2MInst] <225C> 	Skipping setup of scheduled tasks because this installer's build (18962) is not newer than the scheduled tasks' build (19950).
2023-01-09 18:07:49.672 +0530 i: [G2MInst] <225C> cleanupMyDirectory
