

2023-01-07 08:34:21.854 +0530 i: [g2o] <1DB4> ======================================================
2023-01-07 08:34:21.854 +0530 i: [g2o] <1DB4> C:\Users\Pench\AppData\Local\Temp\LogMeInLogs\GoToOpener.log
2023-01-07 08:34:21.855 +0530 i: [g2o] <1DB4> GoTo Opener Application build 564
2023-01-07 08:34:21.856 +0530 i: [g2o] <1DB4> C:\Users\Pench\Downloads\GoToMeeting Opener (3).exe
2023-01-07 08:34:21.856 +0530 i: [g2o] <1DB4> WinINet version 11.0.19041.2193
2023-01-07 08:34:21.885 +0530 i: [g2o] <19D0> [initialize] started
2023-01-07 08:34:21.885 +0530 i: [g2o] <19D0> logSecurityInfo
			OS ver 10.0,
			lua=1, virtualization=1, inst-detect=1,
			integrity level 0x00002000 (MEDIUM)
2023-01-07 08:34:21.886 +0530 i: [g2o] <19D0> Using UI language 0x0409
2023-01-07 08:34:21.899 +0530 i: [g2o] <1DB4> Broadcasting quit message.
2023-01-07 08:34:21.954 +0530 i: [g2o] <19D0> [detectMode] started
2023-01-07 08:34:21.955 +0530 i: [g2o] <19D0> [loadPatchedArgs] started
2023-01-07 08:34:21.957 +0530 i: [g2o] <19D0> [parsePatchedArgs] started
2023-01-07 08:34:21.958 +0530 i: [g2o] <19D0> effective args,

for DownloaderApp:

          allowDowngrade: 1
                   build: 19950
        compatibleBuilds: 19932,19796,19598,19584,19228,18962,15939
         downloadBaseURL: https://builds.cdn.getgo.com/builds/g2m/19950/,https://builds.getgocdn.com/builds/g2m/19950/
       endpointFlavorUrl: https://meet.servers.getgo.com/.flavor
                  flavor: classic
          flavorEnforced: false
    launcherInstallerURL: https://meet.servers.getgo.com/openerbinaries/564/GoToOpener.msi
                 persist: 1
                 product: g2m
            telemetryURL: https://launchstatus.getgo.com/launcher2/telemetry/helper?token=g2m-rkihjy58ef3rgv0kli3efj-b19950-m600699309-sclsJoin_6ee32125_c6e0_4867_a5b4_d988c88e99d1

for endpoint:

                  Action: ...
              EGWAddress: ...
                  EGWDNS: ...
                 EGWPort: ...
               MeetingID: ...
                    Mode: ...
                 Product: ...
                     env: ...
       sessionTrackingId: ...

2023-01-07 08:34:21.960 +0530 i: [g2o] <19D0> [reportStartup] started
2023-01-07 08:34:21.961 +0530 i: [g2o] <19D0> [enterSingleInstance] started
2023-01-07 08:34:21.962 +0530 i: [g2o] <19D0> [checkUpdate] started
2023-01-07 08:34:21.963 +0530 i: [g2o] <19D0> [checkInstall] started
2023-01-07 08:34:21.964 +0530 i: [g2o] <19D0> checking in HKCU
2023-01-07 08:34:21.965 +0530 i: [g2o] <19D0> buildInstalled not found
2023-01-07 08:34:21.966 +0530 i: [g2o] <19D0> checking in HKLM
2023-01-07 08:34:21.967 +0530 i: [g2o] <19D0> buildInstalled not found
2023-01-07 08:34:21.969 +0530 i: [g2o] <19D0> [downloadInstaller] started
2023-01-07 08:34:21.972 +0530 i: [g2o] <19D0> strip-copy "C:\Users\Pench\Downloads\GoToMeeting Opener (3).exe" to "C:\Users\Pench\AppData\Local\Temp\8CBED469-FDFD-4D9A-958B-A2B28AA6B648\GoTo Opener.exe"
2023-01-07 08:34:22.015 +0530 i: [g2o] <19D0> created file 'C:\Users\Pench\AppData\Local\Temp\8CBED469-FDFD-4D9A-958B-A2B28AA6B648\GoToOpener.msi'
2023-01-07 08:34:22.016 +0530 i: [g2o] <19D0> loading https://meet.servers.getgo.com:443/openerbinaries/564/GoToOpener.msi
2023-01-07 08:34:22.016 +0530 i: [g2o] <3BF4> telemetry data: helperState=Starting
2023-01-07 08:34:22.017 +0530 i: [g2o] <19D0> 	configuring request
2023-01-07 08:34:22.018 +0530 i: [g2o] <3BF4> loading https://launchstatus.getgo.com:443/launcher2/telemetry/helper?token=g2m-rkihjy58ef3rgv0kli3efj-b19950-m600699309-sclsJoin_6ee32125_c6e0_4867_a5b4_d988c88e99d1
2023-01-07 08:34:22.018 +0530 i: [g2o] <3BF4> 	configuring request
2023-01-07 08:34:22.018 +0530 i: [g2o] <19D0> 	sending request
2023-01-07 08:34:22.019 +0530 i: [g2o] <3BF4> 	sending request
2023-01-07 08:34:23.034 +0530 i: [g2o] <3BF4> 	receiving response
2023-01-07 08:34:23.034 +0530 i: [g2o] <3BF4> reportStartupComplete
2023-01-07 08:34:23.036 +0530 i: [g2o] <3BF4>     startupReportMetrics: bytesDownloaded=0&cscErrorCount=0&displayedAuthUi=false&displayedUi=false&hostName=launchstatus.getgo.com&requestUrl=https%3a%2f%2flaunchstatus.getgo.com%3a443%2flauncher2%2ftelemetry%2fhelper%3ftoken%3dg2m-rkihjy58ef3rgv0kli3efj-b19950-m600699309-sclsJoin_6ee32125_c6e0_4867_a5b4_d988c88e99d1&resolvedHostAddr=150.136.248.95&result=ECError.eNoError&timeBlockedInUi=0&timeToConnect=781&timeToDownload=235&totalTime=1016
2023-01-07 08:34:23.315 +0530 i: [g2o] <19D0> 	receiving response
2023-01-07 08:34:23.570 +0530 i: [g2o] <19D0> downloaded 118784 bytes in 1547 milliseconds (75.0 KiB/s)
2023-01-07 08:34:23.575 +0530 i: [g2o] <19D0>     installerDownloadMetrics: bytesDownloaded=118784&cscErrorCount=0&displayedAuthUi=false&displayedUi=false&hostName=meet.servers.getgo.com&requestUrl=https%3a%2f%2fmeet.servers.getgo.com%3a443%2fopenerbinaries%2f564%2fGoToOpener.msi&resolvedHostAddr=13.225.78.58&result=ECError.eNoError&timeBlockedInUi=0&timeToConnect=719&timeToDownload=828&totalTime=1547
2023-01-07 08:34:23.580 +0530 i: [g2o] <19D0> [install] started
2023-01-07 08:34:23.659 +0530 i: [g2o] <19D0> msi install log: C:\Users\Pench\AppData\Local\Temp\LogMeInLogs\GoToOpenerMsi\874C24A4-04EC-4ABA-8C78-D63B96A87B48.log
2023-01-07 08:34:23.660 +0530 i: [g2o] <19D0> installer command: "C:\Windows\system32\msiexec.exe" /i "C:\Users\Pench\AppData\Local\Temp\8CBED469-FDFD-4D9A-958B-A2B28AA6B648\GoToOpener.msi" /q /lvx "C:\Users\Pench\AppData\Local\Temp\LogMeInLogs\GoToOpenerMsi\874C24A4-04EC-4ABA-8C78-D63B96A87B48.log"
2023-01-07 08:34:23.678 +0530 i: [g2o] <19D0> [initEndpoint] started
2023-01-07 08:34:23.679 +0530 i: [g2o] <19D0> compatibleBuilds: 19950,19932,19796,19598,19584,19228,18962,15939
2023-01-07 08:34:23.681 +0530 i: [g2o] <19D0> loading https://meet.servers.getgo.com:443/.flavor?build=19950&flavor=classic&flavorEnforced=false&locale=en_US&machineId=cb8d727d-eb37-4af5-904e-8b69226b0258&meetingId=600699309&sessionTrackingId=clsJoin-6ee32125-c6e0-4867-a5b4-d988c88e99d1
2023-01-07 08:34:23.682 +0530 i: [g2o] <19D0> 	configuring request
2023-01-07 08:34:23.683 +0530 i: [g2o] <19D0> 	sending request
2023-01-07 08:34:24.188 +0530 i: [g2o] <19D0> 	receiving response
2023-01-07 08:34:24.200 +0530 i: [g2o] <19D0> Running on behalf of g2m (GoTo)
2023-01-07 08:34:24.204 +0530 i: [g2o] <19D0> [Detect plugin] started
2023-01-07 08:34:24.208 +0530 i: [g2o] <19D0> checking in HKCU
2023-01-07 08:34:24.211 +0530 i: [g2o] <19D0> checking in HKLM
2023-01-07 08:34:24.214 +0530 i: [g2o] <19D0> [sendArgsToRunningEndpoint] started
2023-01-07 08:34:24.217 +0530 i: [g2o] <19D0> running endpoint not found
2023-01-07 08:34:24.219 +0530 i: [g2o] <19D0> [Detect endpoint] started
2023-01-07 08:34:24.223 +0530 i: [g2o] <19D0> [downloadEndpoint] started
2023-01-07 08:34:24.230 +0530 i: [g2o] <19D0> created file 'C:\Users\Pench\AppData\Local\Temp\AC86F998-E6A4-4334-9B0C-2CF27B0F32E1\G2MCoreInstExtractor.exe'
2023-01-07 08:34:24.234 +0530 i: [g2o] <19D0> loading https://builds.cdn.getgo.com:443/builds/g2m/19950/G2MCoreInstExtractor.exe
2023-01-07 08:34:24.236 +0530 i: [g2o] <19D0> 	configuring request
2023-01-07 08:34:24.239 +0530 i: [g2o] <19D0> 	sending request
2023-01-07 08:34:24.302 +0530 i: [g2o] <19D0> 	receiving response
2023-01-07 08:34:29.002 +0530 i: [g2o] <19D0> downloaded 21011624 bytes in 4765 milliseconds (4306.2 KiB/s)
2023-01-07 08:34:29.004 +0530 i: [g2o] <19D0>     endpointDownloadMetrics: bytesDownloaded=21011624&contentType=application%2foctet-stream&cscErrorCount=0&displayedAuthUi=false&displayedUi=false&hostName=builds.cdn.getgo.com&requestUrl=https%3a%2f%2fbuilds.cdn.getgo.com%3a443%2fbuilds%2fg2m%2f19950%2fG2MCoreInstExtractor.exe&resolvedHostAddr=18.161.246.37&result=ECError.eNoError&timeBlockedInUi=0&timeToConnect=62&timeToDownload=4703&totalTime=4765
2023-01-07 08:34:29.005 +0530 i: [g2o] <19D0> Content-Type: application/octet-stream
2023-01-07 08:34:29.679 +0530 i: [g2o] <19D0> [installEndpoint] started
2023-01-07 08:34:29.680 +0530 i: [g2o] <19D0> executing "C:\Users\Pench\AppData\Local\Temp\AC86F998-E6A4-4334-9B0C-2CF27B0F32E1\G2MCoreInstExtractor.exe" "/Action Join" "/EGWAddress 23.239.230.255" "/EGWDNS egwglobal.gotomeeting.com" "/EGWPort 80,443,8200" "/MeetingID 600699309" "/Mode terse" "/Product g2m" "/colClientUiReadyEvent Global\CA430AF4-67A4-4A53-8CA2-D15183DB50F2" "/env live" "/sessionTrackingId clsJoin-6ee32125-c6e0-4867-a5b4-d988c88e99d1"
2023-01-07 08:34:29.681 +0530 i: [g2o] <19D0> 	_createProcess: ...
2023-01-07 08:34:34.188 +0530 i: [g2o] <19D0> [completeInstall] started
2023-01-07 08:34:34.190 +0530 i: [g2o] <19D0> [leaveSingleInstance] started
2023-01-07 08:34:34.191 +0530 i: [g2o] <19D0> [startSendTelemetry] started
2023-01-07 08:34:34.192 +0530 i: [g2o] <19D0> [notifyUserIfFatalError] started
2023-01-07 08:34:34.193 +0530 i: [g2o] <3B58> telemetry data: allowDowngrade=1&appBuild=564&downloadBaseURL=https%3a%2f%2fbuilds.cdn.getgo.com%2fbuilds%2fg2m%2f19950%2f%2chttps%3a%2f%2fbuilds.getgocdn.com%2fbuilds%2fg2m%2f19950%2f&endpointState=LaunchedDownloaded&foundHelperBuilds=empty&helperRuntime=9563&helperState=Installed&helperUUID=90C64CBB-838A-4EC5-9502-F3BBA74AA89D&launchedBuild=19950&osVersion=WinNT_P_x64_10_0_19044&pluginState=Unknown&helperHistory=EnterSingleInstanceSucceeded&helperHistory=HelperLocatingExisting&helperHistory=HelperLocateExistingFailed&helperHistory=HelperInstallerDownloading&helperHistory=UniqueTempDirExecPermissionSet&helperHistory=HelperInstallerDownloaded&helperHistory=HelperInstallerLaunching&helperHistory=HelperInstallerLaunched&helperHistory=ConfigForProductSucceeded&helperHistory=PluginLocatingExisting&helperHistory=PluginLocateExistingFailed&helperHistory=EndpointLocatingExisting&helperHistory=EndpointLocateExistingFailed&helperHistory=EndpointDownloading&helperHistory=UniqueTempDirExecPermissionSet&helperHistory=EndpointDownloadExecPermissionSet&helperHistory=EndpointValidatingDownloaded&helperHistory=CheckFileAuthTimeMs(672)&helperHistory=EndpointDownloaded&helperHistory=EndpointLaunchingDownloaded&helperHistory=EndpointLaunchedDownloaded&helperHistory=HelperInstalled&startupReportMetrics=bytesDownloaded%3d0%26cscErrorCount%3d0%26displayedAuthUi%3dfalse%26displayedUi%3dfalse%26hostName%3dlaunchstatus.getgo.com%26requestUrl%3dhttps%253a%252f%252flaunchstatus.getgo.com%253a443%252flauncher2%252ftelemetry%252fhelper%253ftoken%253dg2m-rkihjy58ef3rgv0kli3efj-b19950-m600699309-sclsJoin_6ee32125_c6e0_4867_a5b4_d988c88e99d1%26resolvedHostAddr%3d150.136.248.95%26result%3dECError.eNoError%26timeBlockedInUi%3d0%26timeToConnect%3d781%26timeToDownload%3d235%26totalTime%3d1016&installerDownloadMetrics=bytesDownloaded%3d118784%26cscErrorCount%3d0%26displayedAuthUi%3dfalse%26displayedUi%3dfalse%26hostName%3dmeet.servers.getgo.com%26requestUrl%3dhttps%253a%252f%252fmeet.servers.getgo.com%253a443%252fopenerbinaries%252f564%252fGoToOpener.msi%26resolvedHostAddr%3d13.225.78.58%26result%3dECError.eNoError%26timeBlockedInUi%3d0%26timeToConnect%3d719%26timeToDownload%3d828%26totalTime%3d1547&endpointDownloadMetrics=bytesDownloaded%3d21011624%26contentType%3dapplication%252foctet-stream%26cscErrorCount%3d0%26displayedAuthUi%3dfalse%26displayedUi%3dfalse%26hostName%3dbuilds.cdn.getgo.com%26requestUrl%3dhttps%253a%252f%252fbuilds.cdn.getgo.com%253a443%252fbuilds%252fg2m%252f19950%252fG2MCoreInstExtractor.exe%26resolvedHostAddr%3d18.161.246.37%26result%3dECError.eNoError%26timeBlockedInUi%3d0%26timeToConnect%3d62%26timeToDownload%3d4703%26totalTime%3d4765
2023-01-07 08:34:34.193 +0530 i: [g2o] <19D0> [waitForEpUi] started
2023-01-07 08:34:34.194 +0530 i: [g2o] <3B58> loading https://launchstatus.getgo.com:443/launcher2/telemetry/helper?token=g2m-rkihjy58ef3rgv0kli3efj-b19950-m600699309-sclsJoin_6ee32125_c6e0_4867_a5b4_d988c88e99d1
2023-01-07 08:34:34.194 +0530 i: [g2o] <3B58> 	configuring request
2023-01-07 08:34:34.194 +0530 i: [g2o] <3B58> 	sending request
2023-01-07 08:34:35.095 +0530 i: [g2o] <3B58> 	receiving response
2023-01-07 08:34:42.829 +0530 i: [g2o] <19D0> [completeReportStartup] started
2023-01-07 08:34:42.836 +0530 i: [g2o] <19D0> [hideUi] started
2023-01-07 08:34:42.840 +0530 i: [g2o] <19D0> [completeSendTelemetry] started
2023-01-07 08:34:42.845 +0530 i: [g2o] <19D0> [stopUi] started
2023-01-07 08:34:42.849 +0530 i: [g2o] <19D0> [cleanup] started
2023-01-07 08:34:42.858 +0530 i: [g2o] <19D0> removing C:\Users\Pench\AppData\Local\Temp\AC86F998-E6A4-4334-9B0C-2CF27B0F32E1\G2MCoreInstExtractor.exe
2023-01-07 08:34:42.875 +0530 i: [g2o] <19D0> cleanup with script: "C:\Users\Pench\AppData\Local\Temp\20D0CB9D-4D18-4C33-994F-8D3755278DAD.bat" "C:\Users\Pench\Downloads\GoToMeeting Opener (3).exe"


2023-01-08 09:18:36.181 +0530 i: [g2o] <21C0> ======================================================
2023-01-08 09:18:36.181 +0530 i: [g2o] <21C0> C:\Users\Pench\AppData\Local\Temp\LogMeInLogs\GoToOpener.log
2023-01-08 09:18:36.183 +0530 i: [g2o] <21C0> GoTo Opener Application build 564
2023-01-08 09:18:36.183 +0530 i: [g2o] <21C0> C:\Users\Pench\AppData\Local\GoTo Opener\GoTo Opener.exe
2023-01-08 09:18:36.184 +0530 i: [g2o] <21C0> WinINet version 11.0.19041.2193
2023-01-08 09:18:36.215 +0530 i: [g2o] <28A8> [initialize] started
2023-01-08 09:18:36.216 +0530 i: [g2o] <28A8> logSecurityInfo
			OS ver 10.0,
			lua=1, virtualization=1, inst-detect=1,
			integrity level 0x00002000 (MEDIUM)
2023-01-08 09:18:36.216 +0530 i: [g2o] <28A8> Using UI language 0x0409
2023-01-08 09:18:36.232 +0530 i: [g2o] <21C0> Broadcasting quit message.
2023-01-08 09:18:36.323 +0530 i: [g2o] <28A8> [detectMode] started
2023-01-08 09:18:36.324 +0530 i: [g2o] <28A8> [handleUrl] started
2023-01-08 09:18:36.332 +0530 i: [g2o] <28A8> loading https://meet.servers.getgo.com:443/.resolve/e30.eyJpYXQiOjE2NzMxNDk3MDMsImxhdW5jaFBhcmFtcyI6eyJidWlsZCI6IjE5OTUwIiwiY29tcGF0aWJsZUJ1aWxkcyI6IjE5OTMyLDE5Nzk2LDE5NTk4LDE5NTg0LDE5MjI4LDE4OTYyLDE1OTM5IiwidGVsZW1ldHJ5VVJMIjoiaHR0cHM6Ly9sYXVuY2hzdGF0dXMuZ2V0Z28uY29tL2xhdW5jaGVyMi90ZWxlbWV0cnkvaGVscGVyP3Rva2VuPWcybS1yaTRqa2w0a2V5YWU1bThxOHpwbnV3LWIxOTk1MC1tNjAwNjk5MzA5LXNjbHNKb2luXzRjOThjZjIzXzkxNzhfNDkxMl9hMzhhX2E2MmEzZDI5M2YwNyIsImVuZHBvaW50UGFyYW1zIjp7IlByb2R1Y3QiOiJnMm0iLCJzZXNzaW9uVHJhY2tpbmdJZCI6ImNsc0pvaW4tNGM5OGNmMjMtOTE3OC00OTEyLWEzOGEtYTYyYTNkMjkzZjA3IiwiTWVldGluZ0lEIjoiNjAwNjk5MzA5In19LCJ2ZXJzaW9uIjoiMS4wIiwiZmxvd1R5cGUiOiJqb2luIiwiZW5kcG9pbnRGbGF2b3IiOnsiZmxhdm9yIjoiY2xhc3NpYyIsImZsYXZvckVuZm9yY2VkIjoiZmFsc2UifSwiaXNGbGF2b3JGaW5hbCI6ZmFsc2V9.e30?locale=en_US&machineId=cb8d727d-eb37-4af5-904e-8b69226b0258
2023-01-08 09:18:36.334 +0530 i: [g2o] <28A8> 	configuring request
2023-01-08 09:18:36.335 +0530 i: [g2o] <28A8> 	sending request
2023-01-08 09:18:47.036 +0530 i: [g2o] <28A8> 	receiving response
2023-01-08 09:18:47.037 +0530 i: [g2o] <28A8> args request took 10703 milliseconds
2023-01-08 09:18:47.040 +0530 i: [g2o] <28A8>     argumentsRequestMetrics: bytesDownloaded=841&cscErrorCount=0&displayedAuthUi=false&displayedUi=false&hostName=meet.servers.getgo.com&requestUrl=https%3a%2f%2fmeet.servers.getgo.com%3a443%2f.resolve%2fe30.eyJpYXQiOjE2NzMxNDk3MDMsImxhdW5jaFBhcmFtcyI6eyJidWlsZCI6IjE5OTUwIiwiY29tcGF0aWJsZUJ1aWxkcyI6IjE5OTMyLDE5Nzk2LDE5NTk4LDE5NTg0LDE5MjI4LDE4OTYyLDE1OTM5IiwidGVsZW1ldHJ5VVJMIjoiaHR0cHM6Ly9sYXVuY2hzdGF0dXMuZ2V0Z28uY29tL2xhdW5jaGVyMi90ZWxlbWV0cnkvaGVscGVyP3Rva2VuPWcybS1yaTRqa2w0a2V5YWU1bThxOHpwbnV3LWIxOTk1MC1tNjAwNjk5MzA5LXNjbHNKb2luXzRjOThjZjIzXzkxNzhfNDkxMl9hMzhhX2E2MmEzZDI5M2YwNyIsImVuZHBvaW50UGFyYW1zIjp7IlByb2R1Y3QiOiJnMm0iLCJzZXNzaW9uVHJhY2tpbmdJZCI6ImNsc0pvaW4tNGM5OGNmMjMtOTE3OC00OTEyLWEzOGEtYTYyYTNkMjkzZjA3IiwiTWVldGluZ0lEIjoiNjAwNjk5MzA5In19LCJ2ZXJzaW9uIjoiMS4wIiwiZmxvd1R5cGUiOiJqb2luIiwiZW5kcG9pbnRGbGF2b3IiOnsiZmxhdm9yIjoiY2xhc3NpYyIsImZsYXZvckVuZm9yY2VkIjoiZmFsc2UifSwiaXNGbGF2b3JGaW5hbCI6ZmFsc2V9.e30%3flocale%3den_US%26machineId%3dcb8d727d-eb37-4af5-904e-8b69226b0258&resolvedHostAddr=18.161.111.73&result=ECError.eNoError&timeBlockedInUi=0&timeToConnect=9219&timeToDownload=1484&totalTime=10703
2023-01-08 09:18:47.043 +0530 i: [g2o] <28A8> effective args,

for DownloaderApp:

          allowDowngrade: 1
                   build: 19950
        compatibleBuilds: 19932,19796,19598,19584,19228,18962,15939
         downloadBaseURL: https://builds.cdn.getgo.com/builds/g2m/19950/,https://builds.getgocdn.com/builds/g2m/19950/
                  flavor: classic
          flavorEnforced: false
    launcherInstallerURL: https://meet.servers.getgo.com/openerbinaries/564/GoToOpener.msi
                 persist: 1
                 product: g2m
            telemetryURL: https://launchstatus.getgo.com/launcher2/telemetry/helper?token=g2m-ri4jkl4keyae5m8q8zpnuw-b19950-m600699309-sclsJoin_4c98cf23_9178_4912_a38a_a62a3d293f07

for endpoint:

                  Action: ...
              EGWAddress: ...
                  EGWDNS: ...
                 EGWPort: ...
               MeetingID: ...
                    Mode: ...
                 Product: ...
                     env: ...
       sessionTrackingId: ...

2023-01-08 09:18:47.045 +0530 i: [g2o] <28A8> [reportStartup] started
2023-01-08 09:18:47.047 +0530 i: [g2o] <28A8> [enterSingleInstance] started
2023-01-08 09:18:47.049 +0530 i: [g2o] <B48> telemetry data: helperState=Starting
2023-01-08 09:18:47.049 +0530 i: [g2o] <28A8> [checkUpdate] started
2023-01-08 09:18:47.051 +0530 i: [g2o] <B48> loading https://launchstatus.getgo.com:443/launcher2/telemetry/helper?token=g2m-ri4jkl4keyae5m8q8zpnuw-b19950-m600699309-sclsJoin_4c98cf23_9178_4912_a38a_a62a3d293f07
2023-01-08 09:18:47.051 +0530 i: [g2o] <B48> 	configuring request
2023-01-08 09:18:47.051 +0530 i: [g2o] <B48> 	sending request
2023-01-08 09:18:47.050 +0530 i: [g2o] <28A8> [checkInstall] started
2023-01-08 09:18:47.052 +0530 i: [g2o] <28A8> [initEndpoint] started
2023-01-08 09:18:47.055 +0530 i: [g2o] <28A8> compatibleBuilds: 19950,19932,19796,19598,19584,19228,18962,15939
2023-01-08 09:18:47.057 +0530 i: [g2o] <28A8> found candidate "C:\Users\Pench\AppData\Local\GoToMeeting\19950"
2023-01-08 09:18:47.059 +0530 i: [g2o] <28A8> found build 19950 installed
2023-01-08 09:18:47.062 +0530 i: [g2o] <28A8> Running on behalf of g2m (GoTo)
2023-01-08 09:18:47.066 +0530 i: [g2o] <28A8> [Detect plugin] started
2023-01-08 09:18:47.070 +0530 i: [g2o] <28A8> checking in HKCU
2023-01-08 09:18:47.071 +0530 i: [g2o] <28A8> checking in HKLM
2023-01-08 09:18:47.072 +0530 i: [g2o] <28A8> [sendArgsToRunningEndpoint] started
2023-01-08 09:18:47.073 +0530 i: [g2o] <28A8> running endpoint not found
2023-01-08 09:18:47.073 +0530 i: [g2o] <28A8> [Detect endpoint] started
2023-01-08 09:18:47.075 +0530 i: [g2o] <28A8> [launchExistingEndpoint] started
2023-01-08 09:18:47.077 +0530 i: [g2o] <28A8> executing "C:\Users\Pench\AppData\Local\GoToMeeting\19950\G2MInstaller.exe" "/Action Join" "/EGWAddress 23.239.230.255" "/EGWDNS egwglobal.gotomeeting.com" "/EGWPort 80,443,8200" "/MeetingID 600699309" "/Mode terse" "/Product g2m" "/colClientUiReadyEvent Global\DFCCA1D4-A570-4F18-9890-41079405E2DF" "/env live" "/sessionTrackingId clsJoin-4c98cf23-9178-4912-a38a-a62a3d293f07"
2023-01-08 09:18:47.078 +0530 i: [g2o] <28A8> 	_createProcess: ...
2023-01-08 09:18:47.548 +0530 i: [g2o] <28A8> [completeInstall] started
2023-01-08 09:18:47.549 +0530 i: [g2o] <28A8> [leaveSingleInstance] started
2023-01-08 09:18:47.550 +0530 i: [g2o] <28A8> [startSendTelemetry] started
2023-01-08 09:18:47.551 +0530 i: [g2o] <4360> telemetry thread waiting on previous
2023-01-08 09:18:47.551 +0530 i: [g2o] <28A8> [notifyUserIfFatalError] started
2023-01-08 09:18:47.552 +0530 i: [g2o] <28A8> [waitForEpUi] started
2023-01-08 09:18:51.394 +0530 i: [g2o] <B48> 	receiving response
2023-01-08 09:18:51.395 +0530 i: [g2o] <B48> reportStartupComplete
2023-01-08 09:18:51.395 +0530 i: [g2o] <B48>     startupReportMetrics: bytesDownloaded=0&cscErrorCount=0&displayedAuthUi=false&displayedUi=false&hostName=launchstatus.getgo.com&requestUrl=https%3a%2f%2flaunchstatus.getgo.com%3a443%2flauncher2%2ftelemetry%2fhelper%3ftoken%3dg2m-ri4jkl4keyae5m8q8zpnuw-b19950-m600699309-sclsJoin_4c98cf23_9178_4912_a38a_a62a3d293f07&resolvedHostAddr=150.136.248.95&result=ECError.eNoError&timeBlockedInUi=0&timeToConnect=3406&timeToDownload=938&totalTime=4344
2023-01-08 09:18:51.397 +0530 i: [g2o] <4360> telemetry data: appBuild=564&downloadBaseURL=https%3a%2f%2fbuilds.cdn.getgo.com%2fbuilds%2fg2m%2f19950%2f%2chttps%3a%2f%2fbuilds.getgocdn.com%2fbuilds%2fg2m%2f19950%2f&endpointState=LaunchedExisting&helperRuntime=10875&helperState=Bypassed&helperUUID=90C64CBB-838A-4EC5-9502-F3BBA74AA89D&launchedBuild=19950&osVersion=WinNT_P_x64_10_0_19044&pluginState=Unknown&helperHistory=HelperHandlingUrl&helperHistory=HelperHandledUrl&helperHistory=EnterSingleInstanceSucceeded&helperHistory=ConfigForProductSucceeded&helperHistory=PluginLocatingExisting&helperHistory=PluginLocateExistingFailed&helperHistory=EndpointLocatingExisting&helperHistory=EndpointLocatedExisting&helperHistory=EndpointLaunchingExisting&helperHistory=EndpointLaunchedExisting&argumentsRequestMetrics=bytesDownloaded%3d841%26cscErrorCount%3d0%26displayedAuthUi%3dfalse%26displayedUi%3dfalse%26hostName%3dmeet.servers.getgo.com%26requestUrl%3dhttps%253a%252f%252fmeet.servers.getgo.com%253a443%252f.resolve%252fe30.eyJpYXQiOjE2NzMxNDk3MDMsImxhdW5jaFBhcmFtcyI6eyJidWlsZCI6IjE5OTUwIiwiY29tcGF0aWJsZUJ1aWxkcyI6IjE5OTMyLDE5Nzk2LDE5NTk4LDE5NTg0LDE5MjI4LDE4OTYyLDE1OTM5IiwidGVsZW1ldHJ5VVJMIjoiaHR0cHM6Ly9sYXVuY2hzdGF0dXMuZ2V0Z28uY29tL2xhdW5jaGVyMi90ZWxlbWV0cnkvaGVscGVyP3Rva2VuPWcybS1yaTRqa2w0a2V5YWU1bThxOHpwbnV3LWIxOTk1MC1tNjAwNjk5MzA5LXNjbHNKb2luXzRjOThjZjIzXzkxNzhfNDkxMl9hMzhhX2E2MmEzZDI5M2YwNyIsImVuZHBvaW50UGFyYW1zIjp7IlByb2R1Y3QiOiJnMm0iLCJzZXNzaW9uVHJhY2tpbmdJZCI6ImNsc0pvaW4tNGM5OGNmMjMtOTE3OC00OTEyLWEzOGEtYTYyYTNkMjkzZjA3IiwiTWVldGluZ0lEIjoiNjAwNjk5MzA5In19LCJ2ZXJzaW9uIjoiMS4wIiwiZmxvd1R5cGUiOiJqb2luIiwiZW5kcG9pbnRGbGF2b3IiOnsiZmxhdm9yIjoiY2xhc3NpYyIsImZsYXZvckVuZm9yY2VkIjoiZmFsc2UifSwiaXNGbGF2b3JGaW5hbCI6ZmFsc2V9.e30%253flocale%253den_US%2526machineId%253dcb8d727d-eb37-4af5-904e-8b69226b0258%26resolvedHostAddr%3d18.161.111.73%26result%3dECError.eNoError%26timeBlockedInUi%3d0%26timeToConnect%3d9219%26timeToDownload%3d1484%26totalTime%3d10703&startupReportMetrics=bytesDownloaded%3d0%26cscErrorCount%3d0%26displayedAuthUi%3dfalse%26displayedUi%3dfalse%26hostName%3dlaunchstatus.getgo.com%26requestUrl%3dhttps%253a%252f%252flaunchstatus.getgo.com%253a443%252flauncher2%252ftelemetry%252fhelper%253ftoken%253dg2m-ri4jkl4keyae5m8q8zpnuw-b19950-m600699309-sclsJoin_4c98cf23_9178_4912_a38a_a62a3d293f07%26resolvedHostAddr%3d150.136.248.95%26result%3dECError.eNoError%26timeBlockedInUi%3d0%26timeToConnect%3d3406%26timeToDownload%3d938%26totalTime%3d4344
2023-01-08 09:18:51.400 +0530 i: [g2o] <4360> loading https://launchstatus.getgo.com:443/launcher2/telemetry/helper?token=g2m-ri4jkl4keyae5m8q8zpnuw-b19950-m600699309-sclsJoin_4c98cf23_9178_4912_a38a_a62a3d293f07
2023-01-08 09:18:51.400 +0530 i: [g2o] <4360> 	configuring request
2023-01-08 09:18:51.400 +0530 i: [g2o] <4360> 	sending request
2023-01-08 09:18:53.265 +0530 i: [g2o] <4360> 	receiving response
2023-01-08 09:19:17.561 +0530 i: [g2o] <28A8> [completeReportStartup] started
2023-01-08 09:19:17.568 +0530 i: [g2o] <28A8> [hideUi] started
2023-01-08 09:19:17.571 +0530 i: [g2o] <28A8> [completeSendTelemetry] started
2023-01-08 09:19:17.575 +0530 i: [g2o] <28A8> [stopUi] started
2023-01-08 09:19:17.579 +0530 i: [g2o] <28A8> [cleanup] started
2023-01-08 09:19:17.582 +0530 i: [g2o] <28A8> *not* self-deleting downloader app.


2023-01-08 09:19:26.937 +0530 i: [g2o] <3A5C> ======================================================
2023-01-08 09:19:26.937 +0530 i: [g2o] <3A5C> C:\Users\Pench\AppData\Local\Temp\LogMeInLogs\GoToOpener.log
2023-01-08 09:19:26.938 +0530 i: [g2o] <3A5C> GoTo Opener Application build 564
2023-01-08 09:19:26.938 +0530 i: [g2o] <3A5C> C:\Users\Pench\AppData\Local\GoTo Opener\GoTo Opener.exe
2023-01-08 09:19:26.938 +0530 i: [g2o] <3A5C> WinINet version 11.0.19041.2193
2023-01-08 09:19:26.955 +0530 i: [g2o] <17B8> [initialize] started
2023-01-08 09:19:26.955 +0530 i: [g2o] <17B8> logSecurityInfo
			OS ver 10.0,
			lua=1, virtualization=1, inst-detect=1,
			integrity level 0x00002000 (MEDIUM)
2023-01-08 09:19:26.955 +0530 i: [g2o] <17B8> Using UI language 0x0409
2023-01-08 09:19:26.965 +0530 i: [g2o] <3A5C> Broadcasting quit message.
2023-01-08 09:19:27.019 +0530 i: [g2o] <17B8> [detectMode] started
2023-01-08 09:19:27.021 +0530 i: [g2o] <17B8> [handleUrl] started
2023-01-08 09:19:27.025 +0530 i: [g2o] <17B8> loading https://meet.servers.getgo.com:443/.resolve/e30.eyJpYXQiOjE2NzMxNDk3MTEsImxhdW5jaFBhcmFtcyI6eyJidWlsZCI6IjE5OTUwIiwiY29tcGF0aWJsZUJ1aWxkcyI6IjE5OTMyLDE5Nzk2LDE5NTk4LDE5NTg0LDE5MjI4LDE4OTYyLDE1OTM5IiwidGVsZW1ldHJ5VVJMIjoiaHR0cHM6Ly9sYXVuY2hzdGF0dXMuZ2V0Z28uY29tL2xhdW5jaGVyMi90ZWxlbWV0cnkvaGVscGVyP3Rva2VuPWcybS1yc3RjemhuYm83Z3JoZjVha2Vmb2gxLWIxOTk1MC1tNjAwNjk5MzA5LXNjbHNKb2luXzZkOGU5OTc1XzVmZmFfNGQyZV84YzhmXzc2ZWJhY2RkMzgxMSIsImVuZHBvaW50UGFyYW1zIjp7IlByb2R1Y3QiOiJnMm0iLCJzZXNzaW9uVHJhY2tpbmdJZCI6ImNsc0pvaW4tNmQ4ZTk5NzUtNWZmYS00ZDJlLThjOGYtNzZlYmFjZGQzODExIiwiTWVldGluZ0lEIjoiNjAwNjk5MzA5In19LCJ2ZXJzaW9uIjoiMS4wIiwiZmxvd1R5cGUiOiJqb2luIiwiZW5kcG9pbnRGbGF2b3IiOnsiZmxhdm9yIjoiY2xhc3NpYyIsImZsYXZvckVuZm9yY2VkIjoiZmFsc2UifSwiaXNGbGF2b3JGaW5hbCI6ZmFsc2V9.e30?locale=en_US&machineId=cb8d727d-eb37-4af5-904e-8b69226b0258
2023-01-08 09:19:27.027 +0530 i: [g2o] <17B8> 	configuring request
2023-01-08 09:19:27.028 +0530 i: [g2o] <17B8> 	sending request
2023-01-08 09:19:34.410 +0530 i: [g2o] <17B8> 	receiving response
2023-01-08 09:19:34.412 +0530 i: [g2o] <17B8> args request took 7375 milliseconds
2023-01-08 09:19:34.413 +0530 i: [g2o] <17B8>     argumentsRequestMetrics: bytesDownloaded=841&cscErrorCount=0&displayedAuthUi=false&displayedUi=false&hostName=meet.servers.getgo.com&requestUrl=https%3a%2f%2fmeet.servers.getgo.com%3a443%2f.resolve%2fe30.eyJpYXQiOjE2NzMxNDk3MTEsImxhdW5jaFBhcmFtcyI6eyJidWlsZCI6IjE5OTUwIiwiY29tcGF0aWJsZUJ1aWxkcyI6IjE5OTMyLDE5Nzk2LDE5NTk4LDE5NTg0LDE5MjI4LDE4OTYyLDE1OTM5IiwidGVsZW1ldHJ5VVJMIjoiaHR0cHM6Ly9sYXVuY2hzdGF0dXMuZ2V0Z28uY29tL2xhdW5jaGVyMi90ZWxlbWV0cnkvaGVscGVyP3Rva2VuPWcybS1yc3RjemhuYm83Z3JoZjVha2Vmb2gxLWIxOTk1MC1tNjAwNjk5MzA5LXNjbHNKb2luXzZkOGU5OTc1XzVmZmFfNGQyZV84YzhmXzc2ZWJhY2RkMzgxMSIsImVuZHBvaW50UGFyYW1zIjp7IlByb2R1Y3QiOiJnMm0iLCJzZXNzaW9uVHJhY2tpbmdJZCI6ImNsc0pvaW4tNmQ4ZTk5NzUtNWZmYS00ZDJlLThjOGYtNzZlYmFjZGQzODExIiwiTWVldGluZ0lEIjoiNjAwNjk5MzA5In19LCJ2ZXJzaW9uIjoiMS4wIiwiZmxvd1R5cGUiOiJqb2luIiwiZW5kcG9pbnRGbGF2b3IiOnsiZmxhdm9yIjoiY2xhc3NpYyIsImZsYXZvckVuZm9yY2VkIjoiZmFsc2UifSwiaXNGbGF2b3JGaW5hbCI6ZmFsc2V9.e30%3flocale%3den_US%26machineId%3dcb8d727d-eb37-4af5-904e-8b69226b0258&resolvedHostAddr=18.161.111.73&result=ECError.eNoError&timeBlockedInUi=0&timeToConnect=6329&timeToDownload=1046&totalTime=7375
2023-01-08 09:19:34.415 +0530 i: [g2o] <17B8> effective args,

for DownloaderApp:

          allowDowngrade: 1
                   build: 19950
        compatibleBuilds: 19932,19796,19598,19584,19228,18962,15939
         downloadBaseURL: https://builds.cdn.getgo.com/builds/g2m/19950/,https://builds.getgocdn.com/builds/g2m/19950/
                  flavor: classic
          flavorEnforced: false
    launcherInstallerURL: https://meet.servers.getgo.com/openerbinaries/564/GoToOpener.msi
                 persist: 1
                 product: g2m
            telemetryURL: https://launchstatus.getgo.com/launcher2/telemetry/helper?token=g2m-rstczhnbo7grhf5akefoh1-b19950-m600699309-sclsJoin_6d8e9975_5ffa_4d2e_8c8f_76ebacdd3811

for endpoint:

                  Action: ...
              EGWAddress: ...
                  EGWDNS: ...
                 EGWPort: ...
               MeetingID: ...
                    Mode: ...
                 Product: ...
                     env: ...
       sessionTrackingId: ...

2023-01-08 09:19:34.416 +0530 i: [g2o] <17B8> [reportStartup] started
2023-01-08 09:19:34.417 +0530 i: [g2o] <17B8> [enterSingleInstance] started
2023-01-08 09:19:34.418 +0530 i: [g2o] <131C> telemetry data: helperState=Starting
2023-01-08 09:19:34.418 +0530 i: [g2o] <131C> loading https://launchstatus.getgo.com:443/launcher2/telemetry/helper?token=g2m-rstczhnbo7grhf5akefoh1-b19950-m600699309-sclsJoin_6d8e9975_5ffa_4d2e_8c8f_76ebacdd3811
2023-01-08 09:19:34.418 +0530 i: [g2o] <131C> 	configuring request
2023-01-08 09:19:34.418 +0530 i: [g2o] <17B8> [checkUpdate] started
2023-01-08 09:19:34.419 +0530 i: [g2o] <131C> 	sending request
2023-01-08 09:19:34.419 +0530 i: [g2o] <17B8> [checkInstall] started
2023-01-08 09:19:34.419 +0530 i: [g2o] <17B8> [initEndpoint] started
2023-01-08 09:19:34.421 +0530 i: [g2o] <17B8> compatibleBuilds: 19950,19932,19796,19598,19584,19228,18962,15939
2023-01-08 09:19:34.422 +0530 i: [g2o] <17B8> found candidate "C:\Users\Pench\AppData\Local\GoToMeeting\19950"
2023-01-08 09:19:34.424 +0530 i: [g2o] <17B8> found build 19950 installed
2023-01-08 09:19:34.425 +0530 i: [g2o] <17B8> Running on behalf of g2m (GoTo)
2023-01-08 09:19:34.426 +0530 i: [g2o] <17B8> [Detect plugin] started
2023-01-08 09:19:34.428 +0530 i: [g2o] <17B8> checking in HKCU
2023-01-08 09:19:34.429 +0530 i: [g2o] <17B8> checking in HKLM
2023-01-08 09:19:34.430 +0530 i: [g2o] <17B8> [sendArgsToRunningEndpoint] started
2023-01-08 09:19:34.432 +0530 i: [g2o] <17B8> window proc build: 19950
2023-01-08 09:19:34.433 +0530 i: [g2o] <17B8> Found endpoint already running; will message.
2023-01-08 09:19:34.455 +0530 i: [g2o] <17B8> Sent args to G2MLauncher: ...
2023-01-08 09:19:34.458 +0530 i: [g2o] <17B8> [completeInstall] started
2023-01-08 09:19:34.460 +0530 i: [g2o] <17B8> [leaveSingleInstance] started
2023-01-08 09:19:34.461 +0530 i: [g2o] <17B8> [startSendTelemetry] started
2023-01-08 09:19:34.462 +0530 i: [g2o] <17B8> [notifyUserIfFatalError] started
2023-01-08 09:19:34.464 +0530 i: [g2o] <17B8> [waitForEpUi] started
2023-01-08 09:19:34.466 +0530 i: [g2o] <93C> telemetry thread waiting on previous
2023-01-08 09:19:36.838 +0530 i: [g2o] <131C> 	receiving response
2023-01-08 09:19:36.838 +0530 i: [g2o] <131C> reportStartupComplete
2023-01-08 09:19:36.839 +0530 i: [g2o] <131C>     startupReportMetrics: bytesDownloaded=0&cscErrorCount=0&displayedAuthUi=false&displayedUi=false&hostName=launchstatus.getgo.com&requestUrl=https%3a%2f%2flaunchstatus.getgo.com%3a443%2flauncher2%2ftelemetry%2fhelper%3ftoken%3dg2m-rstczhnbo7grhf5akefoh1-b19950-m600699309-sclsJoin_6d8e9975_5ffa_4d2e_8c8f_76ebacdd3811&resolvedHostAddr=150.136.248.95&result=ECError.eNoError&timeBlockedInUi=0&timeToConnect=2172&timeToDownload=234&totalTime=2406
2023-01-08 09:19:36.840 +0530 i: [g2o] <93C> telemetry data: appBuild=564&downloadBaseURL=https%3a%2f%2fbuilds.cdn.getgo.com%2fbuilds%2fg2m%2f19950%2f%2chttps%3a%2f%2fbuilds.getgocdn.com%2fbuilds%2fg2m%2f19950%2f&endpointState=LaunchedExisting&helperRuntime=7500&helperState=Bypassed&helperUUID=90C64CBB-838A-4EC5-9502-F3BBA74AA89D&launchedBuild=19950&osVersion=WinNT_P_x64_10_0_19044&pluginState=Unknown&helperHistory=HelperHandlingUrl&helperHistory=HelperHandledUrl&helperHistory=EnterSingleInstanceSucceeded&helperHistory=ConfigForProductSucceeded&helperHistory=PluginLocatingExisting&helperHistory=PluginLocateExistingFailed&helperHistory=EndpointMessagingRunning&helperHistory=EndpointMessagedRunning&argumentsRequestMetrics=bytesDownloaded%3d841%26cscErrorCount%3d0%26displayedAuthUi%3dfalse%26displayedUi%3dfalse%26hostName%3dmeet.servers.getgo.com%26requestUrl%3dhttps%253a%252f%252fmeet.servers.getgo.com%253a443%252f.resolve%252fe30.eyJpYXQiOjE2NzMxNDk3MTEsImxhdW5jaFBhcmFtcyI6eyJidWlsZCI6IjE5OTUwIiwiY29tcGF0aWJsZUJ1aWxkcyI6IjE5OTMyLDE5Nzk2LDE5NTk4LDE5NTg0LDE5MjI4LDE4OTYyLDE1OTM5IiwidGVsZW1ldHJ5VVJMIjoiaHR0cHM6Ly9sYXVuY2hzdGF0dXMuZ2V0Z28uY29tL2xhdW5jaGVyMi90ZWxlbWV0cnkvaGVscGVyP3Rva2VuPWcybS1yc3RjemhuYm83Z3JoZjVha2Vmb2gxLWIxOTk1MC1tNjAwNjk5MzA5LXNjbHNKb2luXzZkOGU5OTc1XzVmZmFfNGQyZV84YzhmXzc2ZWJhY2RkMzgxMSIsImVuZHBvaW50UGFyYW1zIjp7IlByb2R1Y3QiOiJnMm0iLCJzZXNzaW9uVHJhY2tpbmdJZCI6ImNsc0pvaW4tNmQ4ZTk5NzUtNWZmYS00ZDJlLThjOGYtNzZlYmFjZGQzODExIiwiTWVldGluZ0lEIjoiNjAwNjk5MzA5In19LCJ2ZXJzaW9uIjoiMS4wIiwiZmxvd1R5cGUiOiJqb2luIiwiZW5kcG9pbnRGbGF2b3IiOnsiZmxhdm9yIjoiY2xhc3NpYyIsImZsYXZvckVuZm9yY2VkIjoiZmFsc2UifSwiaXNGbGF2b3JGaW5hbCI6ZmFsc2V9.e30%253flocale%253den_US%2526machineId%253dcb8d727d-eb37-4af5-904e-8b69226b0258%26resolvedHostAddr%3d18.161.111.73%26result%3dECError.eNoError%26timeBlockedInUi%3d0%26timeToConnect%3d6329%26timeToDownload%3d1046%26totalTime%3d7375&startupReportMetrics=bytesDownloaded%3d0%26cscErrorCount%3d0%26displayedAuthUi%3dfalse%26displayedUi%3dfalse%26hostName%3dlaunchstatus.getgo.com%26requestUrl%3dhttps%253a%252f%252flaunchstatus.getgo.com%253a443%252flauncher2%252ftelemetry%252fhelper%253ftoken%253dg2m-rstczhnbo7grhf5akefoh1-b19950-m600699309-sclsJoin_6d8e9975_5ffa_4d2e_8c8f_76ebacdd3811%26resolvedHostAddr%3d150.136.248.95%26result%3dECError.eNoError%26timeBlockedInUi%3d0%26timeToConnect%3d2172%26timeToDownload%3d234%26totalTime%3d2406
2023-01-08 09:19:36.843 +0530 i: [g2o] <93C> loading https://launchstatus.getgo.com:443/launcher2/telemetry/helper?token=g2m-rstczhnbo7grhf5akefoh1-b19950-m600699309-sclsJoin_6d8e9975_5ffa_4d2e_8c8f_76ebacdd3811
2023-01-08 09:19:36.843 +0530 i: [g2o] <93C> 	configuring request
2023-01-08 09:19:36.843 +0530 i: [g2o] <93C> 	sending request
2023-01-08 09:19:38.922 +0530 i: [g2o] <93C> 	receiving response
2023-01-08 09:19:39.578 +0530 i: [g2o] <17B8> [completeReportStartup] started
2023-01-08 09:19:39.580 +0530 i: [g2o] <17B8> [hideUi] started
2023-01-08 09:19:39.581 +0530 i: [g2o] <17B8> [completeSendTelemetry] started
2023-01-08 09:19:39.583 +0530 i: [g2o] <17B8> [stopUi] started
2023-01-08 09:19:39.584 +0530 i: [g2o] <17B8> [cleanup] started
2023-01-08 09:19:39.585 +0530 i: [g2o] <17B8> *not* self-deleting downloader app.
